This is pdfTeX, Version 3.14159265-2.6-1.40.18 (TeX Live 2017) (preloaded format=pdflatex 2018.1.9)  13 MAR 2018 12:59
entering extended mode
 restricted \write18 enabled.
 %&-line parsing enabled.
**main.tex
(./main.tex
LaTeX2e <2017-04-15>
Babel <3.10> and hyphenation patterns for 84 language(s) loaded.
(./wileySev.cls
\phspace=\dimen102
\SpaceAboveChapterNumber=\dimen103
\savefootnotenumber=\count79
\ftnum=\count80
\saveftnum=\count81
\c@chapapp=\count82
\c@part=\count83
\c@chapter=\count84
\c@section=\count85
\c@subsection=\count86
\c@subsubsection=\count87
\c@paragraph=\count88
\c@subparagraph=\count89
\c@figure=\count90
\c@table=\count91
\abovecaptionskip=\skip41
\belowcaptionskip=\skip42
\partskip=\skip43
\tabandfigskip=\skip44
\footnum=\count92
\savefootnum=\count93
\@indexfile=\write3
\openout3 = `main.idx'.


Writing index file main.idx
\iletterskip=\skip45
\timing=\count94
\hourcount=\count95
\oldtime=\count96
\probcount=\count97
\subprobcount=\count98
\c@subproblem=\count99
\c@subproblem=\count100
\widthofcropmarks=\dimen104
\raisetopcropmarks=\dimen105
\raisebottomcropmarks=\dimen106
\movecropmarksright=\dimen107
\c@theorem=\count101
\c@appfootnote=\count102
\slugwidth=\dimen108
\slugheight=\dimen109
\slugdepth=\dimen110
\c@exampnum=\count103
\c@algo=\count104
\c@algorithm=\count105
\chapskip=\dimen111
\chapheight=\dimen112
\authorskip=\dimen113
) (./encabezado.tex
(/usr/local/texlive/2017/texmf-dist/tex/latex/graphics/graphicx.sty
Package: graphicx 2014/10/28 v1.0g Enhanced LaTeX Graphics (DPC,SPQR)

(/usr/local/texlive/2017/texmf-dist/tex/latex/graphics/keyval.sty
Package: keyval 2014/10/28 v1.15 key=value parser (DPC)
\KV@toks@=\toks14
)
(/usr/local/texlive/2017/texmf-dist/tex/latex/graphics/graphics.sty
Package: graphics 2017/04/14 v1.1b Standard LaTeX Graphics (DPC,SPQR)

(/usr/local/texlive/2017/texmf-dist/tex/latex/graphics/trig.sty
Package: trig 2016/01/03 v1.10 sin cos tan (DPC)
)
(/usr/local/texlive/2017/texmf-dist/tex/latex/graphics-cfg/graphics.cfg
File: graphics.cfg 2016/06/04 v1.11 sample graphics configuration
)
Package graphics Info: Driver file: pdftex.def on input line 99.

(/usr/local/texlive/2017/texmf-dist/tex/latex/graphics-def/pdftex.def
File: pdftex.def 2017/01/12 v0.06k Graphics/color for pdfTeX

(/usr/local/texlive/2017/texmf-dist/tex/generic/oberdiek/infwarerr.sty
Package: infwarerr 2016/05/16 v1.4 Providing info/warning/error messages (HO)
)
(/usr/local/texlive/2017/texmf-dist/tex/generic/oberdiek/ltxcmds.sty
Package: ltxcmds 2016/05/16 v1.23 LaTeX kernel commands for general use (HO)
)
\Gread@gobject=\count106
))
\Gin@req@height=\dimen114
\Gin@req@width=\dimen115
)
(/usr/local/texlive/2017/texmf-dist/tex/latex/oberdiek/epstopdf.sty
Package: epstopdf 2016/05/15 v2.6 Conversion with epstopdf on the fly (HO)

(/usr/local/texlive/2017/texmf-dist/tex/latex/oberdiek/epstopdf-base.sty
Package: epstopdf-base 2016/05/15 v2.6 Base part for package epstopdf

(/usr/local/texlive/2017/texmf-dist/tex/latex/oberdiek/grfext.sty
Package: grfext 2016/05/16 v1.2 Manage graphics extensions (HO)

(/usr/local/texlive/2017/texmf-dist/tex/generic/oberdiek/kvdefinekeys.sty
Package: kvdefinekeys 2016/05/16 v1.4 Define keys (HO)
))
(/usr/local/texlive/2017/texmf-dist/tex/latex/oberdiek/kvoptions.sty
Package: kvoptions 2016/05/16 v3.12 Key value format for package options (HO)

(/usr/local/texlive/2017/texmf-dist/tex/generic/oberdiek/kvsetkeys.sty
Package: kvsetkeys 2016/05/16 v1.17 Key value parser (HO)

(/usr/local/texlive/2017/texmf-dist/tex/generic/oberdiek/etexcmds.sty
Package: etexcmds 2016/05/16 v1.6 Avoid name clashes with e-TeX commands (HO)

(/usr/local/texlive/2017/texmf-dist/tex/generic/oberdiek/ifluatex.sty
Package: ifluatex 2016/05/16 v1.4 Provides the ifluatex switch (HO)
Package ifluatex Info: LuaTeX not detected.
)
Package etexcmds Info: Could not find \expanded.
(etexcmds)             That can mean that you are not using pdfTeX 1.50 or
(etexcmds)             that some package has redefined \expanded.
(etexcmds)             In the latter case, load this package earlier.
)))
(/usr/local/texlive/2017/texmf-dist/tex/generic/oberdiek/pdftexcmds.sty
Package: pdftexcmds 2017/03/19 v0.25 Utility functions of pdfTeX for LuaTeX (HO
)

(/usr/local/texlive/2017/texmf-dist/tex/generic/oberdiek/ifpdf.sty
Package: ifpdf 2017/03/15 v3.2 Provides the ifpdf switch
)
Package pdftexcmds Info: LuaTeX not detected.
Package pdftexcmds Info: \pdf@primitive is available.
Package pdftexcmds Info: \pdf@ifprimitive is available.
Package pdftexcmds Info: \pdfdraftmode found.
)
Package epstopdf-base Info: Redefining graphics rule for `.eps' on input line 4
38.
Package grfext Info: Graphics extension search list:
(grfext)             [.png,.pdf,.jpg,.mps,.jpeg,.jbig2,.jb2,.PNG,.PDF,.JPG,.JPE
G,.JBIG2,.JB2,.eps]
(grfext)             \AppendGraphicsExtensions on input line 456.

(/usr/local/texlive/2017/texmf-dist/tex/latex/latexconfig/epstopdf-sys.cfg
File: epstopdf-sys.cfg 2010/07/13 v1.3 Configuration of (r)epstopdf for TeX Liv
e
)))
(/usr/local/texlive/2017/texmf-dist/tex/latex/base/inputenc.sty
Package: inputenc 2015/03/17 v1.2c Input encoding file
\inpenc@prehook=\toks15
\inpenc@posthook=\toks16

(/usr/local/texlive/2017/texmf-dist/tex/latex/base/utf8.def
File: utf8.def 2017/01/28 v1.1t UTF-8 support for inputenc
Now handling font encoding OML ...
... no UTF-8 mapping file for font encoding OML
Now handling font encoding T1 ...
... processing UTF-8 mapping file for font encoding T1

(/usr/local/texlive/2017/texmf-dist/tex/latex/base/t1enc.dfu
File: t1enc.dfu 2017/01/28 v1.1t UTF-8 support for inputenc
   defining Unicode char U+00A0 (decimal 160)
   defining Unicode char U+00A1 (decimal 161)
   defining Unicode char U+00A3 (decimal 163)
   defining Unicode char U+00AB (decimal 171)
   defining Unicode char U+00AD (decimal 173)
   defining Unicode char U+00BB (decimal 187)
   defining Unicode char U+00BF (decimal 191)
   defining Unicode char U+00C0 (decimal 192)
   defining Unicode char U+00C1 (decimal 193)
   defining Unicode char U+00C2 (decimal 194)
   defining Unicode char U+00C3 (decimal 195)
   defining Unicode char U+00C4 (decimal 196)
   defining Unicode char U+00C5 (decimal 197)
   defining Unicode char U+00C6 (decimal 198)
   defining Unicode char U+00C7 (decimal 199)
   defining Unicode char U+00C8 (decimal 200)
   defining Unicode char U+00C9 (decimal 201)
   defining Unicode char U+00CA (decimal 202)
   defining Unicode char U+00CB (decimal 203)
   defining Unicode char U+00CC (decimal 204)
   defining Unicode char U+00CD (decimal 205)
   defining Unicode char U+00CE (decimal 206)
   defining Unicode char U+00CF (decimal 207)
   defining Unicode char U+00D0 (decimal 208)
   defining Unicode char U+00D1 (decimal 209)
   defining Unicode char U+00D2 (decimal 210)
   defining Unicode char U+00D3 (decimal 211)
   defining Unicode char U+00D4 (decimal 212)
   defining Unicode char U+00D5 (decimal 213)
   defining Unicode char U+00D6 (decimal 214)
   defining Unicode char U+00D8 (decimal 216)
   defining Unicode char U+00D9 (decimal 217)
   defining Unicode char U+00DA (decimal 218)
   defining Unicode char U+00DB (decimal 219)
   defining Unicode char U+00DC (decimal 220)
   defining Unicode char U+00DD (decimal 221)
   defining Unicode char U+00DE (decimal 222)
   defining Unicode char U+00DF (decimal 223)
   defining Unicode char U+00E0 (decimal 224)
   defining Unicode char U+00E1 (decimal 225)
   defining Unicode char U+00E2 (decimal 226)
   defining Unicode char U+00E3 (decimal 227)
   defining Unicode char U+00E4 (decimal 228)
   defining Unicode char U+00E5 (decimal 229)
   defining Unicode char U+00E6 (decimal 230)
   defining Unicode char U+00E7 (decimal 231)
   defining Unicode char U+00E8 (decimal 232)
   defining Unicode char U+00E9 (decimal 233)
   defining Unicode char U+00EA (decimal 234)
   defining Unicode char U+00EB (decimal 235)
   defining Unicode char U+00EC (decimal 236)
   defining Unicode char U+00ED (decimal 237)
   defining Unicode char U+00EE (decimal 238)
   defining Unicode char U+00EF (decimal 239)
   defining Unicode char U+00F0 (decimal 240)
   defining Unicode char U+00F1 (decimal 241)
   defining Unicode char U+00F2 (decimal 242)
   defining Unicode char U+00F3 (decimal 243)
   defining Unicode char U+00F4 (decimal 244)
   defining Unicode char U+00F5 (decimal 245)
   defining Unicode char U+00F6 (decimal 246)
   defining Unicode char U+00F8 (decimal 248)
   defining Unicode char U+00F9 (decimal 249)
   defining Unicode char U+00FA (decimal 250)
   defining Unicode char U+00FB (decimal 251)
   defining Unicode char U+00FC (decimal 252)
   defining Unicode char U+00FD (decimal 253)
   defining Unicode char U+00FE (decimal 254)
   defining Unicode char U+00FF (decimal 255)
   defining Unicode char U+0100 (decimal 256)
   defining Unicode char U+0101 (decimal 257)
   defining Unicode char U+0102 (decimal 258)
   defining Unicode char U+0103 (decimal 259)
   defining Unicode char U+0104 (decimal 260)
   defining Unicode char U+0105 (decimal 261)
   defining Unicode char U+0106 (decimal 262)
   defining Unicode char U+0107 (decimal 263)
   defining Unicode char U+0108 (decimal 264)
   defining Unicode char U+0109 (decimal 265)
   defining Unicode char U+010A (decimal 266)
   defining Unicode char U+010B (decimal 267)
   defining Unicode char U+010C (decimal 268)
   defining Unicode char U+010D (decimal 269)
   defining Unicode char U+010E (decimal 270)
   defining Unicode char U+010F (decimal 271)
   defining Unicode char U+0110 (decimal 272)
   defining Unicode char U+0111 (decimal 273)
   defining Unicode char U+0112 (decimal 274)
   defining Unicode char U+0113 (decimal 275)
   defining Unicode char U+0114 (decimal 276)
   defining Unicode char U+0115 (decimal 277)
   defining Unicode char U+0116 (decimal 278)
   defining Unicode char U+0117 (decimal 279)
   defining Unicode char U+0118 (decimal 280)
   defining Unicode char U+0119 (decimal 281)
   defining Unicode char U+011A (decimal 282)
   defining Unicode char U+011B (decimal 283)
   defining Unicode char U+011C (decimal 284)
   defining Unicode char U+011D (decimal 285)
   defining Unicode char U+011E (decimal 286)
   defining Unicode char U+011F (decimal 287)
   defining Unicode char U+0120 (decimal 288)
   defining Unicode char U+0121 (decimal 289)
   defining Unicode char U+0122 (decimal 290)
   defining Unicode char U+0123 (decimal 291)
   defining Unicode char U+0124 (decimal 292)
   defining Unicode char U+0125 (decimal 293)
   defining Unicode char U+0128 (decimal 296)
   defining Unicode char U+0129 (decimal 297)
   defining Unicode char U+012A (decimal 298)
   defining Unicode char U+012B (decimal 299)
   defining Unicode char U+012C (decimal 300)
   defining Unicode char U+012D (decimal 301)
   defining Unicode char U+012E (decimal 302)
   defining Unicode char U+012F (decimal 303)
   defining Unicode char U+0130 (decimal 304)
   defining Unicode char U+0131 (decimal 305)
   defining Unicode char U+0132 (decimal 306)
   defining Unicode char U+0133 (decimal 307)
   defining Unicode char U+0134 (decimal 308)
   defining Unicode char U+0135 (decimal 309)
   defining Unicode char U+0136 (decimal 310)
   defining Unicode char U+0137 (decimal 311)
   defining Unicode char U+0139 (decimal 313)
   defining Unicode char U+013A (decimal 314)
   defining Unicode char U+013B (decimal 315)
   defining Unicode char U+013C (decimal 316)
   defining Unicode char U+013D (decimal 317)
   defining Unicode char U+013E (decimal 318)
   defining Unicode char U+0141 (decimal 321)
   defining Unicode char U+0142 (decimal 322)
   defining Unicode char U+0143 (decimal 323)
   defining Unicode char U+0144 (decimal 324)
   defining Unicode char U+0145 (decimal 325)
   defining Unicode char U+0146 (decimal 326)
   defining Unicode char U+0147 (decimal 327)
   defining Unicode char U+0148 (decimal 328)
   defining Unicode char U+014A (decimal 330)
   defining Unicode char U+014B (decimal 331)
   defining Unicode char U+014C (decimal 332)
   defining Unicode char U+014D (decimal 333)
   defining Unicode char U+014E (decimal 334)
   defining Unicode char U+014F (decimal 335)
   defining Unicode char U+0150 (decimal 336)
   defining Unicode char U+0151 (decimal 337)
   defining Unicode char U+0152 (decimal 338)
   defining Unicode char U+0153 (decimal 339)
   defining Unicode char U+0154 (decimal 340)
   defining Unicode char U+0155 (decimal 341)
   defining Unicode char U+0156 (decimal 342)
   defining Unicode char U+0157 (decimal 343)
   defining Unicode char U+0158 (decimal 344)
   defining Unicode char U+0159 (decimal 345)
   defining Unicode char U+015A (decimal 346)
   defining Unicode char U+015B (decimal 347)
   defining Unicode char U+015C (decimal 348)
   defining Unicode char U+015D (decimal 349)
   defining Unicode char U+015E (decimal 350)
   defining Unicode char U+015F (decimal 351)
   defining Unicode char U+0160 (decimal 352)
   defining Unicode char U+0161 (decimal 353)
   defining Unicode char U+0162 (decimal 354)
   defining Unicode char U+0163 (decimal 355)
   defining Unicode char U+0164 (decimal 356)
   defining Unicode char U+0165 (decimal 357)
   defining Unicode char U+0168 (decimal 360)
   defining Unicode char U+0169 (decimal 361)
   defining Unicode char U+016A (decimal 362)
   defining Unicode char U+016B (decimal 363)
   defining Unicode char U+016C (decimal 364)
   defining Unicode char U+016D (decimal 365)
   defining Unicode char U+016E (decimal 366)
   defining Unicode char U+016F (decimal 367)
   defining Unicode char U+0170 (decimal 368)
   defining Unicode char U+0171 (decimal 369)
   defining Unicode char U+0172 (decimal 370)
   defining Unicode char U+0173 (decimal 371)
   defining Unicode char U+0174 (decimal 372)
   defining Unicode char U+0175 (decimal 373)
   defining Unicode char U+0176 (decimal 374)
   defining Unicode char U+0177 (decimal 375)
   defining Unicode char U+0178 (decimal 376)
   defining Unicode char U+0179 (decimal 377)
   defining Unicode char U+017A (decimal 378)
   defining Unicode char U+017B (decimal 379)
   defining Unicode char U+017C (decimal 380)
   defining Unicode char U+017D (decimal 381)
   defining Unicode char U+017E (decimal 382)
   defining Unicode char U+01CD (decimal 461)
   defining Unicode char U+01CE (decimal 462)
   defining Unicode char U+01CF (decimal 463)
   defining Unicode char U+01D0 (decimal 464)
   defining Unicode char U+01D1 (decimal 465)
   defining Unicode char U+01D2 (decimal 466)
   defining Unicode char U+01D3 (decimal 467)
   defining Unicode char U+01D4 (decimal 468)
   defining Unicode char U+01E2 (decimal 482)
   defining Unicode char U+01E3 (decimal 483)
   defining Unicode char U+01E6 (decimal 486)
   defining Unicode char U+01E7 (decimal 487)
   defining Unicode char U+01E8 (decimal 488)
   defining Unicode char U+01E9 (decimal 489)
   defining Unicode char U+01EA (decimal 490)
   defining Unicode char U+01EB (decimal 491)
   defining Unicode char U+01F0 (decimal 496)
   defining Unicode char U+01F4 (decimal 500)
   defining Unicode char U+01F5 (decimal 501)
   defining Unicode char U+0218 (decimal 536)
   defining Unicode char U+0219 (decimal 537)
   defining Unicode char U+021A (decimal 538)
   defining Unicode char U+021B (decimal 539)
   defining Unicode char U+0232 (decimal 562)
   defining Unicode char U+0233 (decimal 563)
   defining Unicode char U+1E02 (decimal 7682)
   defining Unicode char U+1E03 (decimal 7683)
   defining Unicode char U+200C (decimal 8204)
   defining Unicode char U+2010 (decimal 8208)
   defining Unicode char U+2011 (decimal 8209)
   defining Unicode char U+2012 (decimal 8210)
   defining Unicode char U+2013 (decimal 8211)
   defining Unicode char U+2014 (decimal 8212)
   defining Unicode char U+2015 (decimal 8213)
   defining Unicode char U+2018 (decimal 8216)
   defining Unicode char U+2019 (decimal 8217)
   defining Unicode char U+201A (decimal 8218)
   defining Unicode char U+201C (decimal 8220)
   defining Unicode char U+201D (decimal 8221)
   defining Unicode char U+201E (decimal 8222)
   defining Unicode char U+2030 (decimal 8240)
   defining Unicode char U+2031 (decimal 8241)
   defining Unicode char U+2039 (decimal 8249)
   defining Unicode char U+203A (decimal 8250)
   defining Unicode char U+2423 (decimal 9251)
   defining Unicode char U+1E20 (decimal 7712)
   defining Unicode char U+1E21 (decimal 7713)
)
Now handling font encoding OT1 ...
... processing UTF-8 mapping file for font encoding OT1

(/usr/local/texlive/2017/texmf-dist/tex/latex/base/ot1enc.dfu
File: ot1enc.dfu 2017/01/28 v1.1t UTF-8 support for inputenc
   defining Unicode char U+00A0 (decimal 160)
   defining Unicode char U+00A1 (decimal 161)
   defining Unicode char U+00A3 (decimal 163)
   defining Unicode char U+00AD (decimal 173)
   defining Unicode char U+00B8 (decimal 184)
   defining Unicode char U+00BF (decimal 191)
   defining Unicode char U+00C5 (decimal 197)
   defining Unicode char U+00C6 (decimal 198)
   defining Unicode char U+00D8 (decimal 216)
   defining Unicode char U+00DF (decimal 223)
   defining Unicode char U+00E6 (decimal 230)
   defining Unicode char U+00EC (decimal 236)
   defining Unicode char U+00ED (decimal 237)
   defining Unicode char U+00EE (decimal 238)
   defining Unicode char U+00EF (decimal 239)
   defining Unicode char U+00F8 (decimal 248)
   defining Unicode char U+0131 (decimal 305)
   defining Unicode char U+0141 (decimal 321)
   defining Unicode char U+0142 (decimal 322)
   defining Unicode char U+0152 (decimal 338)
   defining Unicode char U+0153 (decimal 339)
   defining Unicode char U+0174 (decimal 372)
   defining Unicode char U+0175 (decimal 373)
   defining Unicode char U+0176 (decimal 374)
   defining Unicode char U+0177 (decimal 375)
   defining Unicode char U+0218 (decimal 536)
   defining Unicode char U+0219 (decimal 537)
   defining Unicode char U+021A (decimal 538)
   defining Unicode char U+021B (decimal 539)
   defining Unicode char U+2013 (decimal 8211)
   defining Unicode char U+2014 (decimal 8212)
   defining Unicode char U+2018 (decimal 8216)
   defining Unicode char U+2019 (decimal 8217)
   defining Unicode char U+201C (decimal 8220)
   defining Unicode char U+201D (decimal 8221)
)
Now handling font encoding OMS ...
... processing UTF-8 mapping file for font encoding OMS

(/usr/local/texlive/2017/texmf-dist/tex/latex/base/omsenc.dfu
File: omsenc.dfu 2017/01/28 v1.1t UTF-8 support for inputenc
   defining Unicode char U+00A7 (decimal 167)
   defining Unicode char U+00B6 (decimal 182)
   defining Unicode char U+00B7 (decimal 183)
   defining Unicode char U+2020 (decimal 8224)
   defining Unicode char U+2021 (decimal 8225)
   defining Unicode char U+2022 (decimal 8226)
)
Now handling font encoding OMX ...
... no UTF-8 mapping file for font encoding OMX
Now handling font encoding U ...
... no UTF-8 mapping file for font encoding U
   defining Unicode char U+00A9 (decimal 169)
   defining Unicode char U+00AA (decimal 170)
   defining Unicode char U+00AE (decimal 174)
   defining Unicode char U+00BA (decimal 186)
   defining Unicode char U+02C6 (decimal 710)
   defining Unicode char U+02DC (decimal 732)
   defining Unicode char U+200C (decimal 8204)
   defining Unicode char U+2026 (decimal 8230)
   defining Unicode char U+2122 (decimal 8482)
   defining Unicode char U+2423 (decimal 9251)
))
(/usr/local/texlive/2017/texmf-dist/tex/generic/babel/babel.sty
Package: babel 2017/05/19 3.10 The Babel package

(/usr/local/texlive/2017/texmf-dist/tex/generic/babel-spanish/spanish.ldf
Language: spanish.ldf 2016/03/03 v5.0p Spanish support from the babel system

(/usr/local/texlive/2017/texmf-dist/tex/generic/babel/babel.def
File: babel.def 2017/05/19 3.10 Babel common definitions
\babel@savecnt=\count107
\U@D=\dimen116
)
\es@quottoks=\toks17
\es@quotdepth=\count108
Package babel Info: Making " an active character on input line 561.
Package babel Info: Making . an active character on input line 662.
Package babel Info: Making < an active character on input line 707.
Package babel Info: Making > an active character on input line 707.
))
(/usr/local/texlive/2017/texmf-dist/tex/latex/cite/chapterbib.sty
\c@inputfile=\count109
Package: chapterbib 2010/09/18  v 1.17
)
(/usr/local/texlive/2017/texmf-dist/tex/latex/hyphenat/hyphenat.sty
Package: hyphenat 2009/09/02 v2.3c hyphenation utilities
\langwohyphens=\language84
LaTeX Info: Redefining \_ on input line 43.
)
(/usr/local/texlive/2017/texmf-dist/tex/latex/amsmath/amsmath.sty
Package: amsmath 2016/11/05 v2.16a AMS math features
\@mathmargin=\skip46

For additional information on amsmath, use the `?' option.
(/usr/local/texlive/2017/texmf-dist/tex/latex/amsmath/amstext.sty
Package: amstext 2000/06/29 v2.01 AMS text

(/usr/local/texlive/2017/texmf-dist/tex/latex/amsmath/amsgen.sty
File: amsgen.sty 1999/11/30 v2.0 generic functions
\@emptytoks=\toks18
\ex@=\dimen117
))
(/usr/local/texlive/2017/texmf-dist/tex/latex/amsmath/amsbsy.sty
Package: amsbsy 1999/11/29 v1.2d Bold Symbols
\pmbraise@=\dimen118
)
(/usr/local/texlive/2017/texmf-dist/tex/latex/amsmath/amsopn.sty
Package: amsopn 2016/03/08 v2.02 operator names
)
\inf@bad=\count110
LaTeX Info: Redefining \frac on input line 213.
\uproot@=\count111
\leftroot@=\count112
LaTeX Info: Redefining \overline on input line 375.
\classnum@=\count113
\DOTSCASE@=\count114
LaTeX Info: Redefining \ldots on input line 472.
LaTeX Info: Redefining \dots on input line 475.
LaTeX Info: Redefining \cdots on input line 596.
\Mathstrutbox@=\box26
\strutbox@=\box27
\big@size=\dimen119
LaTeX Font Info:    Redeclaring font encoding OML on input line 712.
LaTeX Font Info:    Redeclaring font encoding OMS on input line 713.
\macc@depth=\count115
\c@MaxMatrixCols=\count116
\dotsspace@=\muskip10
\c@parentequation=\count117
\dspbrk@lvl=\count118
\tag@help=\toks19
\row@=\count119
\column@=\count120
\maxfields@=\count121
\andhelp@=\toks20
\eqnshift@=\dimen120
\alignsep@=\dimen121
\tagshift@=\dimen122
\tagwidth@=\dimen123
\totwidth@=\dimen124
\lineht@=\dimen125
\@envbody=\toks21
\multlinegap=\skip47
\multlinetaggap=\skip48
\mathdisplay@stack=\toks22
LaTeX Info: Redefining \[ on input line 2817.
LaTeX Info: Redefining \] on input line 2818.
)
(./w-bookps.sty


 Using PostScript Fonts

 Wiley Monograph/Edited Book Style
 Feb 16, 2012

 
)
\sectsavebox=\box28
) (./main.aux
LaTeX Info: Redefining \. on input line 6.
LaTeX Info: Redefining \% on input line 6.


LaTeX Warning: Label `EqXXXIV' multiply defined.


LaTeX Warning: Label `CapIII_10' multiply defined.


LaTeX Warning: Label `CapV_3' multiply defined.

)
\openout1 = `main.aux'.

LaTeX Font Info:    Checking defaults for OML/cmm/m/it on input line 5.
LaTeX Font Info:    ... okay on input line 5.
LaTeX Font Info:    Checking defaults for T1/cmr/m/n on input line 5.
LaTeX Font Info:    ... okay on input line 5.
LaTeX Font Info:    Checking defaults for OT1/cmr/m/n on input line 5.
LaTeX Font Info:    ... okay on input line 5.
LaTeX Font Info:    Checking defaults for OMS/cmsy/m/n on input line 5.
LaTeX Font Info:    ... okay on input line 5.
LaTeX Font Info:    Checking defaults for OMX/cmex/m/n on input line 5.
LaTeX Font Info:    ... okay on input line 5.
LaTeX Font Info:    Checking defaults for U/cmr/m/n on input line 5.
LaTeX Font Info:    ... okay on input line 5.
LaTeX Font Info:    Try loading font information for OT1+ptm on input line 5.
 (/usr/local/texlive/2017/texmf-dist/tex/latex/psnfss/ot1ptm.fd
File: ot1ptm.fd 2001/06/04 font definitions for OT1/ptm.
)
(/usr/local/texlive/2017/texmf-dist/tex/context/base/mkii/supp-pdf.mkii
[Loading MPS to PDF converter (version 2006.09.02).]
\scratchcounter=\count122
\scratchdimen=\dimen126
\scratchbox=\box29
\nofMPsegments=\count123
\nofMParguments=\count124
\everyMPshowfont=\toks23
\MPscratchCnt=\count125
\MPscratchDim=\dimen127
\MPnumerator=\count126
\makeMPintoPDFobject=\count127
\everyMPtoPDFconversion=\toks24
)
LaTeX Info: Redefining \. on input line 5.
LaTeX Info: Redefining \% on input line 5.
 (./inicio.tex
LaTeX Font Info:    Font shape `OT1/ptm/bx/n' in size <24.88> not available
(Font)              Font shape `OT1/ptm/b/n' tried instead on input line 19.

Overfull \hbox (41.27516pt too wide) in paragraph at lines 19--19
[]\titlefont INTRODUCCI[]ON AL PRO-CE-SA-MIEN-TO
 []

<figures/unc1_f.jpg, id=1, 398.2077pt x 126.4725pt>
File: figures/unc1_f.jpg Graphic file (type jpg)
 <use figures/unc1_f.jpg>
Package pdftex.def Info: figures/unc1_f.jpg used on input line 19.
(pdftex.def)             Requested size: 122.85876pt x 39.0208pt.

[1{/usr/local/texlive/2017/texmf-var/fonts/map/pdftex/updmap/pdftex.map} <./fig
ures/unc1_f.jpg>]
LaTeX Font Info:    Try loading font information for OMS+ptm on input line 32.

(/usr/local/texlive/2017/texmf-dist/tex/latex/psnfss/omsptm.fd
File: omsptm.fd 
)
LaTeX Font Info:    Font shape `OMS/ptm/m/n' in size <7> not available
(Font)              Font shape `OMS/cmsy/m/n' tried instead on input line 32.

Underfull \hbox (badness 10000) in paragraph at lines 32--32

 []


Underfull \hbox (badness 10000) in paragraph at lines 32--32

 []

[2] [3

]
LaTeX Font Info:    Font shape `OT1/ptm/bx/n' in size <14.4> not available
(Font)              Font shape `OT1/ptm/b/n' tried instead on input line 38.
 [5] [6

] (./main.toc
LaTeX Info: Redefining \. on input line 1.
LaTeX Info: Redefining \% on input line 1.

Underfull \vbox (badness 4144) has occurred while \output is active []

 [7]
Overfull \hbox (0.79991pt too wide) in paragraph at lines 52--52
 [] []\subsectionfont Procesamiento de im[]age-nes con de-ri-va-das - De-tec-ci
[]on de es-qui-nas y bor-des []  
 []

LaTeX Info: Redefining \. on input line 60.
LaTeX Info: Redefining \% on input line 60.

Underfull \hbox (badness 10000) has occurred while \output is active
[]
 []

[8]
LaTeX Info: Redefining \. on input line 95.
LaTeX Info: Redefining \% on input line 95.

Underfull \hbox (badness 10000) has occurred while \output is active
[]
 []

[9])
\tf@toc=\write4
\openout4 = `main.toc'.

LaTeX Info: Redefining \. on input line 45.
LaTeX Info: Redefining \% on input line 45.

Underfull \hbox (badness 10000) has occurred while \output is active
[]
 []

[10]) (./Cap1.tex
Cap\'{\i }tulo 1.
LaTeX Font Info:    Font shape `OT1/ptm/bx/n' in size <17.28> not available
(Font)              Font shape `OT1/ptm/b/n' tried instead on input line 2.

Overfull \hbox (19.13002pt too wide) in paragraph at lines 10--12
\OT1/ptm/m/n/10 pro-ce-sos f[]^^Psi-cos in-vo-lu-cra-dos en la for-ma-ci[]on de
 im[]age-nes ra-diol[]ogi-cas. Se pre-sen-ta as[]^^P, una in-tro-duc-ci[]on
 []

LaTeX Font Info:    Font shape `OT1/ptm/bx/n' in size <12> not available
(Font)              Font shape `OT1/ptm/b/n' tried instead on input line 13.

Overfull \hbox (12.58638pt too wide) in paragraph at lines 15--16
[]\OT1/ptm/m/n/10 En t[]ermi-nos ge-ne-ra-les, la ecua-ci[]on de trans-por-te d
e Bol-tz-mann es la re-pre-sen-ta-ci[]on de la dis-tri-bu-ci[]on
 []


Underfull \vbox (badness 10000) has occurred while \output is active []

LaTeX Font Info:    Font shape `OMS/ptm/m/n' in size <8> not available
(Font)              Font shape `OMS/cmsy/m/n' tried instead on input line 19.
 [1

]
Overfull \hbox (2.65675pt too wide) in paragraph at lines 30--31
\OT1/ptm/m/n/10 ex-pre-sa-da co-mo una ecua-ci[]on di-fu-si-va integro-diferenc
ial, cu-ya for-mu-la-ci[]on cl[]asi-ca pa-ra ob-ser-va-bles
 []

LaTeX Info: Redefining \. on input line 72.
LaTeX Info: Redefining \% on input line 72.

Underfull \hbox (badness 10000) has occurred while \output is active
[]
 []

[2]
Overfull \hbox (20.80559pt too wide) in paragraph at lines 119--120
[]\OT1/ptm/m/n/10 Para un sis-te-ma es-ta-cio-na-rio \OT1/ptm/m/it/10 steady st
a-te \OT1/ptm/m/n/10 pue-de apli-car-se el teo-re-ma de Liou-vi-lle[] en una ap
ro-xi-ma-ci[]on
 []

LaTeX Info: Redefining \. on input line 120.
LaTeX Info: Redefining \% on input line 120.

Underfull \hbox (badness 10000) has occurred while \output is active
[]
 []

[3]
Overfull \hbox (4.91458pt too wide) in paragraph at lines 140--141
[]\OT1/ptm/m/n/10 La ta-sa de fluen-cia energ[]eti-ca $\tocfonts ^^G$ \OT1/ptm/
m/n/10 pue-de cal-cu-lar-se pa-ra cual-quier tiem-po $\OML/cmm/m/it/10 t$ \OT1/
ptm/m/n/10 en el in-ter-va-lo $\tocfonts (\OML/cmm/m/it/10 t[]; t[]\tocfonts )$
\OT1/ptm/m/n/10 ,
 []


Overfull \hbox (2.2076pt too wide) in paragraph at lines 148--149
[]\OT1/ptm/m/n/10 De mo-do que pa-ra de-ter-mi-nar ob-ser-va-bles, ex-pe-ri-men
-tal-men-te, por me-dio de me-di-cio-nes a tiem-po
 []

LaTeX Info: Redefining \. on input line 150.
LaTeX Info: Redefining \% on input line 150.

Underfull \hbox (badness 10000) has occurred while \output is active
[]
 []

[4]
LaTeX Info: Redefining \. on input line 192.
LaTeX Info: Redefining \% on input line 192.

Overfull \hbox (10.6751pt too wide) has occurred while \output is active
 \runningheadfont MODELOS DE INTERACCI[]ON DE PART[]ICULAS CON LA MATERIA A PAR
TIR DE LA ECUACI[]ON DE TRANSPORTE DE BOLTZMANN \foliofont 5
 []


Underfull \hbox (badness 10000) has occurred while \output is active
[]
 []

[5]
Overfull \hbox (1.17546pt too wide) in paragraph at lines 197--198
[]\OT1/ptm/m/n/10 Los []ulti-mos tres t[]ermi-nos en-tre cor-che-tes re-pre-sen
-tan los efec-tos de po-ten-cial me-dio de io-ni-za-ci[]on
 []


Overfull \hbox (7.56894pt too wide) in paragraph at lines 201--203
\OT1/ptm/m/n/10 ma-te-rial. Exis-ten des-via-cio-nes pe-que[]nas de-bi-das a in
-ter-ac-cio-nes de ti-po Coulom-bia-nas en el \OT1/ptm/m/it/10 scat-te-ring
 []

LaTeX Info: Redefining \. on input line 238.
LaTeX Info: Redefining \% on input line 238.

Underfull \hbox (badness 10000) has occurred while \output is active
[]
 []

[6]
Overfull \hbox (6.84648pt too wide) in paragraph at lines 252--253
[]\OT1/ptm/m/n/10 Para mo-de-lar el trans-por-te de ra-dia-ci[]on pri-ma-ria, u
ti-li-zan-do la ecua-ci[]on de trans-por-te de Bol-tz-mann
 []


Overfull \hbox (51.02951pt too wide) in paragraph at lines 258--259
[]\OT1/ptm/m/n/10 El pro-ble-ma as[]^^P plan-tea-do pre-sen-ta si-metr[]^^Pa az
i-mu-tal, por lo que re-sul-ta: $[] [][] \OML/cmm/m/it/10 dE[]d\tocfonts 
[] = [] \OML/cmm/m/it/10 dE[]\tocfonts 2\OML/cmm/m/it/10 ^^Y [] []^^Rd^^R$\OT1/
ptm/m/n/10 . 
 []


Overfull \hbox (4.53725pt too wide) in paragraph at lines 270--271
\OT1/ptm/m/n/10 ra-yos qua-si pa-ra-le-los con dis-tri-bu-ci[]on qua-si uni-for
-me del fren-te on-da, con-si-de-ra-do plano y ho-mo[]eneo.
 []

LaTeX Info: Redefining \. on input line 274.
LaTeX Info: Redefining \% on input line 274.

Underfull \hbox (badness 10000) has occurred while \output is active
[]
 []

[7]
\cb@emptytoks=\toks25
 (./main.bbl)) (./Cap2.tex
LaTeX Info: Redefining \. on input line 1.
LaTeX Info: Redefining \% on input line 1.

Underfull \hbox (badness 10000) has occurred while \output is active
[]
 []

[8]
Cap\'{\i }tulo 2.

Overfull \hbox (13.37628pt too wide) in paragraph at lines 7--8
[]\OT1/ptm/m/n/10 El an[]ali-sis y pro-ce-sa-mien-to de im[]age-nes se rea-li-z
a a trav[]es de compu-tado-ras, de-bi-do a la com-ple-ji-dad
 []


Overfull \hbox (0.96983pt too wide) in paragraph at lines 7--8
\OT1/ptm/m/n/10 y el n[]ume-ro de c[]alcu-los ne-ce-sa-rios pa-ra rea-li-zar-lo
. Es por es-to que, si bien la for-mu-la-ci[]on ma-tem[]ati-ca
 []


Underfull \vbox (badness 7030) has occurred while \output is active []

 [9

]
Overfull \hbox (18.78595pt too wide) in paragraph at lines 17--18
\OT1/ptm/m/n/10 del pro-ce-sa-mien-to de im[]age-nes di-gi-ta-les, en-tre los q
ue se cuen-tan las for-ma-tos de lec-tu-ra y re-pre-sen-ta-ci[]on
 []


Underfull \vbox (badness 10000) has occurred while \output is active []

LaTeX Info: Redefining \. on input line 32.
LaTeX Info: Redefining \% on input line 32.

Underfull \hbox (badness 10000) has occurred while \output is active
[]
 []

[10]
Overfull \hbox (0.97731pt too wide) in paragraph at lines 32--33
\OT1/ptm/m/n/10 re-ca-bar es-ta in-for-ma-ci[]on, ya sea de for-ma di-gi-tal o 
anal[]ogi-ca, pa-ra po-der ser cuan-ti-fi-ca-da y ana-li-za-da. 
 []

<figures/cap2/fig1_bandas/figure_1.png, id=82, 1207.6317pt x 333.8874pt>
File: figures/cap2/fig1_bandas/figure_1.png Graphic file (type png)

<use figures/cap2/fig1_bandas/figure_1.png>
Package pdftex.def Info: figures/cap2/fig1_bandas/figure_1.png used on input li
ne 36.
(pdftex.def)             Requested size: 396.0pt x 109.4852pt.

Overfull \hbox (22.44383pt too wide) in paragraph at lines 122--129
\OT1/ptm/m/n/10 va-lo-res de ele-men-tos de ma-triz (vec-to-res de 3 coor-de-na
-das) asu-men va-lo-res en $\tocfonts ([0\OML/cmm/m/it/10 ; \tocfonts 255]\OML/
cmm/m/it/10 ; \tocfonts [0\OML/cmm/m/it/10 ; \tocfonts 255]\OML/cmm/m/it/10 ; \
tocfonts [0\OML/cmm/m/it/10 ; \tocfonts 255])$\OT1/ptm/m/n/10 .
 []


Overfull \hbox (3.29695pt too wide) in paragraph at lines 131--136
\OT1/ptm/m/n/10 va-lo-res de com-bi-na-cio-nes vec-to-ria-les, es de-cir 16.8 m
i-llo-nes de di-fe-ren-tes co-lo-res, apro-xi-ma-da-men-te. 
 []

LaTeX Info: Redefining \. on input line 136.
LaTeX Info: Redefining \% on input line 136.

Underfull \hbox (badness 10000) has occurred while \output is active
[]
 []

[11 <./figures/cap2/fig1_bandas/figure_1.png>]
<Figuras/Fig2_1.png, id=89, 681.54625pt x 446.66875pt>
File: Figuras/Fig2_1.png Graphic file (type png)

<use Figuras/Fig2_1.png>
Package pdftex.def Info: Figuras/Fig2_1.png used on input line 157.
(pdftex.def)             Requested size: 341.43306pt x 223.77002pt.


LaTeX Warning: `!h' float specifier changed to `!ht'.


Overfull \hbox (3.5957pt too wide) in paragraph at lines 176--179
[]\OT1/ptm/m/n/10 Se el co-lor $\OML/cmm/m/it/10 C[]$ \OT1/ptm/m/n/10 re-pre-se
n-ta-do por el vec-tor $\tocfonts (\OML/cmm/m/it/10 R[]; G[]; B[]\tocfonts )$ \
OT1/ptm/m/n/10 y el co-lor $\OML/cmm/m/it/10 C[]$ \OT1/ptm/m/n/10 re-pre-sent-d
o por $\tocfonts (\OML/cmm/m/it/10 R[]; G[]; B[]\tocfonts )$\OT1/ptm/m/n/10 .
 []

LaTeX Info: Redefining \. on input line 185.
LaTeX Info: Redefining \% on input line 185.

Underfull \hbox (badness 10000) has occurred while \output is active
[]
 []

[12]
Overfull \hbox (11.02324pt too wide) in paragraph at lines 187--191
\OT1/ptm/m/n/10 es-pa-cio de co-lo-res, los vec-to-res en la di-rec-ci[]on del 
vec-tor $\tocfonts (1\OML/cmm/m/it/10 ; \tocfonts 1\OML/cmm/m/it/10 ; \tocfonts
 1)$ \OT1/ptm/m/n/10 re-pre-sen-tan las di-fe-ren-tes to-na-li-da-des
 []


Overfull \hbox (21.78516pt too wide) in paragraph at lines 220--231
[]\OT1/ptm/m/n/10 A mo-do de ilus-tra-ci[]on de los con-cep-tos ge-ne-ra-les ex
-pues-tos so-bre re-pre-sen-ta-cio-nes vectoriales-bitmap,
 []

LaTeX Info: Redefining \. on input line 231.
LaTeX Info: Redefining \% on input line 231.

Underfull \hbox (badness 10000) has occurred while \output is active
[]
 []

[13 <./Figuras/Fig2_1.png>]
Overfull \hbox (3.32704pt too wide) in paragraph at lines 253--260
[]\OT1/ptm/m/n/10 Una de las t[]ecni-cas gen[]eri-cas, que lue-go se di-ver-si-
fi-ca a una can-ti-dad muy va-ria-da de me-to-do-log[]^^Pas
 []


Overfull \hbox (16.97531pt too wide) in paragraph at lines 297--300
\OT1/ptm/m/n/10 al-ma-ce-nar la in-for-ma-ci[]on de la ima-gen di-gi-ta-li-za-d
a en cual-quier so-por-te in-form[]ati-co de al-ma-ce-na-mien-to. 
 []

LaTeX Info: Redefining \. on input line 302.
LaTeX Info: Redefining \% on input line 302.

Underfull \hbox (badness 10000) has occurred while \output is active
[]
 []

[14]
Overfull \hbox (4.01688pt too wide) in paragraph at lines 323--327
[]\OT1/ptm/m/n/10 Conceptualmente, au-men-tar o dis-mi-nuir el con-tras-te en u
na ima-gen con-sis-te, b[]asi-ca y vi-sual-men-te,
 []

<Figuras/Fig2_2.png, id=100, 717.68124pt x 594.22pt>
File: Figuras/Fig2_2.png Graphic file (type png)
 <use Figuras/Fig2_2.png>
Package pdftex.def Info: Figuras/Fig2_2.png used on input line 345.
(pdftex.def)             Requested size: 284.52756pt x 235.58023pt.


LaTeX Warning: `!h' float specifier changed to `!ht'.

LaTeX Font Info:    Font shape `OT1/ptm/bx/n' in size <10> not available
(Font)              Font shape `OT1/ptm/b/n' tried instead on input line 359.
LaTeX Info: Redefining \. on input line 376.
LaTeX Info: Redefining \% on input line 376.

Underfull \hbox (badness 10000) has occurred while \output is active
[]
 []

[15]
LaTeX Font Info:    Font shape `OT1/ptm/bx/it' in size <12> not available
(Font)              Font shape `OT1/ptm/b/it' tried instead on input line 405.
LaTeX Info: Redefining \. on input line 415.
LaTeX Info: Redefining \% on input line 415.
LaTeX Font Info:    Font shape `OT1/ptm/bx/n' in size <8> not available
(Font)              Font shape `OT1/ptm/b/n' tried instead on input line 415.

Underfull \hbox (badness 10000) has occurred while \output is active
[]
 []

[16 <./Figuras/Fig2_2.png>]
Overfull \hbox (1.8154pt too wide) in paragraph at lines 445--449
[]\OT1/ptm/m/n/10 A par-tir de de un mues-treo \OT1/ptm/m/it/10 in-put \OT1/ptm
/m/n/10 pue-den es-ti-mar-se los va-lo-res de la in-ten-si-dad en pun-tos di-fe
-ren-tes
 []


Overfull \hbox (10.32509pt too wide) in paragraph at lines 469--477
[]\OT1/ptm/m/n/10 La t[]acni-ca de in-ter-po-la-ci[]on li-neal con-si-de-ra los
 4 \OT1/ptm/m/it/10 pi-xels \OT1/ptm/m/n/10 m[]as cer-ca-nos a $\OML/cmm/m/it/1
0 V\tocfonts (\OML/cmm/m/it/10 k; l\tocfonts )$ \OT1/ptm/m/n/10 pa-ra la in-ter
-po-la-ci[]on.
 []

LaTeX Info: Redefining \. on input line 492.
LaTeX Info: Redefining \% on input line 492.

Underfull \hbox (badness 10000) has occurred while \output is active
[]
 []

[17]
Overfull \hbox (11.13971pt too wide) in paragraph at lines 492--500
\OT1/ptm/m/n/10 Con-si-de-ra los 16 \OT1/ptm/m/it/10 pi-xels \OT1/ptm/m/n/10 m[
]as cer-ca-nos a ca-da \OT1/ptm/m/it/10 pi-xel $\tocfonts (\OML/cmm/m/it/10 k; 
l\tocfonts )$ \OT1/ptm/m/n/10 cu-yo va-lor de-be de-ter-mi-nar-se por in-ter-po
-la-ci[]on.
 []

LaTeX Info: Redefining \. on input line 559.
LaTeX Info: Redefining \% on input line 559.

Underfull \hbox (badness 10000) has occurred while \output is active
[]
 []

[18]
Overfull \hbox (0.84174pt too wide) in paragraph at lines 619--621
\OT1/ptm/m/n/10 des-crip-ci[]on de im[]age-nes $\OML/cmm/m/it/10 g\tocfonts (\O
ML/cmm/m/it/10 m; n\tocfonts )$ \OT1/ptm/m/n/10 co-mo con-tri-bu-ci[]on ``ori-g
i-nal'' ($\OML/cmm/m/it/10 f\tocfonts (\OML/cmm/m/it/10 m; n\tocfonts )$\OT1/pt
m/m/n/10 ) y rui-do \OT1/ptm/m/it/10 ran-dom \OT1/ptm/m/n/10 ($\OML/cmm/m/it/10
 r\tocfonts (\OML/cmm/m/it/10 m; n\tocfonts )$\OT1/ptm/m/n/10 ): 
 []

LaTeX Info: Redefining \. on input line 637.
LaTeX Info: Redefining \% on input line 637.

Underfull \hbox (badness 10000) has occurred while \output is active
[]
 []

[19]
Overfull \hbox (9.64423pt too wide) in paragraph at lines 660--664
\OT1/ptm/m/n/10 Mien-tras que los va-lo-res de la ima-gen re-sul-ta-do de la di
-fe-ren-cia de dos im[]age-nes var[]^^Pan en $\tocfonts [\OMS/cmsy/m/n/10 ^^@\t
ocfonts 255\OML/cmm/m/it/10 ; \tocfonts 255]$\OT1/ptm/m/n/10 . 
 []

LaTeX Info: Redefining \. on input line 714.
LaTeX Info: Redefining \% on input line 714.

Underfull \hbox (badness 10000) has occurred while \output is active
[]
 []

[20]
LaTeX Info: Redefining \. on input line 765.
LaTeX Info: Redefining \% on input line 765.

Underfull \hbox (badness 10000) has occurred while \output is active
[]
 []

[21]
Overfull \hbox (28.04501pt too wide) in paragraph at lines 805--806
[]\OT1/ptm/m/n/10 La trans-for-ma-da dis-cre-ta de Fou-rier bi-di-men-sio-nal 2
D se de-fi-ne a par-tir de los \OT1/ptm/m/it/10 ker-nels \OT1/ptm/m/n/10 de tra
ns-for-ma-ci[]on: 
 []


LaTeX Warning: Command \i invalid in math mode on input line 824.


LaTeX Warning: Reference `EqXLIX' on page 22 undefined on input line 832.


Overfull \hbox (32.777pt too wide) in paragraph at lines 832--836
[]\OT1/ptm/m/n/10 La ex-pre-si[]on ([]) pa-ra la trans-for-ma-da de Fou-rier pu
e-de in-ter-pre-tar-se, de-jan-do de la-do mo-men-ta-nea-men-te
 []


Overfull \hbox (11.79822pt too wide) in paragraph at lines 838--841
[]\OT1/ptm/m/n/10 El va-lor de la trans-for-ma-da en $\tocfonts (\OML/cmm/m/it/
10 m\OMS/cmsy/m/n/10 ^^C\OML/cmm/m/it/10 ; n\OMS/cmsy/m/n/10 ^^C\tocfonts )$ \O
T1/ptm/m/n/10 ($\OML/cmm/m/it/10 F\tocfonts (\OML/cmm/m/it/10 m\OMS/cmsy/m/n/10
 ^^C\OML/cmm/m/it/10 ; n\OMS/cmsy/m/n/10 ^^C\tocfonts )$\OT1/ptm/m/n/10 ) con-t
ri-bu-ye a trav[]es de $\OML/cmm/m/it/10 F\tocfonts (\OML/cmm/m/it/10 m\OMS/cms
y/m/n/10 ^^C\OML/cmm/m/it/10 ; n\OMS/cmsy/m/n/10 ^^C\tocfonts ) \OML/cmm/m/it/1
0 e[]$
 []

LaTeX Info: Redefining \. on input line 847.
LaTeX Info: Redefining \% on input line 847.

Underfull \hbox (badness 10000) has occurred while \output is active
[]
 []

[22] <Figuras/Fig2_3.png, id=130, 556.479pt x 266.596pt>
File: Figuras/Fig2_3.png Graphic file (type png)

<use Figuras/Fig2_3.png>
Package pdftex.def Info: Figuras/Fig2_3.png used on input line 852.
(pdftex.def)             Requested size: 284.52756pt x 136.31198pt.


LaTeX Warning: Command \textregistered invalid in math mode on input line 855.


LaTeX Warning: Command \textcircled invalid in math mode on input line 855.

LaTeX Font Info:    Font shape `OMS/ptm/m/n' in size <9> not available
(Font)              Font shape `OMS/cmsy/m/n' tried instead on input line 855.

LaTeX Warning: Command \textcircled invalid in math mode on input line 855.


LaTeX Warning: Command \textregistered invalid in math mode on input line 855.


LaTeX Warning: Command \textcircled invalid in math mode on input line 855.


LaTeX Warning: Command \textcircled invalid in math mode on input line 855.

<Figuras/Fig2_4.png, id=131, 553.267pt x 266.596pt>
File: Figuras/Fig2_4.png Graphic file (type png)
 <use Figuras/Fig2_4.png>
Package pdftex.def Info: Figuras/Fig2_4.png used on input line 867.
(pdftex.def)             Requested size: 284.52756pt x 137.10522pt.


LaTeX Warning: Command \textregistered invalid in math mode on input line 870.


LaTeX Warning: Command \textcircled invalid in math mode on input line 870.


LaTeX Warning: Command \textcircled invalid in math mode on input line 870.


LaTeX Warning: Command \textregistered invalid in math mode on input line 870.


LaTeX Warning: Command \textcircled invalid in math mode on input line 870.


LaTeX Warning: Command \textcircled invalid in math mode on input line 870.

<Figuras/Fig2_5.png, id=132, 553.267pt x 266.596pt>
File: Figuras/Fig2_5.png Graphic file (type png)
 <use Figuras/Fig2_5.png>
Package pdftex.def Info: Figuras/Fig2_5.png used on input line 882.
(pdftex.def)             Requested size: 284.52756pt x 137.10522pt.


LaTeX Warning: Command \textregistered invalid in math mode on input line 885.


LaTeX Warning: Command \textcircled invalid in math mode on input line 885.


LaTeX Warning: Command \textcircled invalid in math mode on input line 885.


LaTeX Warning: Command \textregistered invalid in math mode on input line 885.


LaTeX Warning: Command \textcircled invalid in math mode on input line 885.


LaTeX Warning: Command \textcircled invalid in math mode on input line 885.


LaTeX Warning: `!h' float specifier changed to `!ht'.


LaTeX Warning: Reference `EqL' on page 23 undefined on input line 897.

LaTeX Info: Redefining \. on input line 902.
LaTeX Info: Redefining \% on input line 902.

Underfull \hbox (badness 10000) has occurred while \output is active
[]
 []

[23 <./Figuras/Fig2_3.png> <./Figuras/Fig2_4.png>]
Overfull \hbox (0.94884pt too wide) in paragraph at lines 919--922
[]\OT1/ptm/m/n/10 Para una da-da fun-ci[]on ori-gi-nal $\OML/cmm/m/it/10 f\tocf
onts (\OML/cmm/m/it/10 m; n\tocfonts )$ \OT1/ptm/m/n/10 y su co-rres-pon-dien-t
e trans-for-ma-da de Fou-rier $\OML/cmm/m/it/10 F\tocfonts (\OML/cmm/m/it/10 m\
OMS/cmsy/m/n/10 ^^C\OML/cmm/m/it/10 ; n\OMS/cmsy/m/n/10 ^^C\tocfonts )$\OT1/ptm
/m/n/10 ,
 []


Overfull \hbox (4.22331pt too wide) in paragraph at lines 924--925
[]\OT1/ptm/m/n/10 Entonces, la ima-gen re-sul-ta-do del pro-ce-so de fil-tra-do
 $\OML/cmm/m/it/10 h\tocfonts (\OML/cmm/m/it/10 m; n\tocfonts )$ \OT1/ptm/m/n/1
0 se ob-tie-ne apli-can-do la trans-for-ma-da
 []

LaTeX Info: Redefining \. on input line 943.
LaTeX Info: Redefining \% on input line 943.

Underfull \hbox (badness 10000) has occurred while \output is active
[]
 []

[24 <./Figuras/Fig2_5.png>]
Overfull \hbox (6.57617pt too wide) in paragraph at lines 991--993
[]\OT1/ptm/m/n/10 Las pro-pie-da-des de la trans-for-ma-da de Fou-rier per-mi-t
en iden-ti-fi-car de mo-do sen-ci-llo los ope-ra-do-res
 []

LaTeX Info: Redefining \. on input line 999.
LaTeX Info: Redefining \% on input line 999.

Underfull \hbox (badness 10000) has occurred while \output is active
[]
 []

[25] <Figuras/Fig2_6.png, id=145, 552.464pt x 269.005pt>
File: Figuras/Fig2_6.png Graphic file (type png)

<use Figuras/Fig2_6.png>
Package pdftex.def Info: Figuras/Fig2_6.png used on input line 1041.
(pdftex.def)             Requested size: 227.62204pt x 110.83458pt.


LaTeX Warning: Command \textregistered invalid in math mode on input line 1043.



LaTeX Warning: Command \textcircled invalid in math mode on input line 1043.


LaTeX Warning: Command \textcircled invalid in math mode on input line 1043.


LaTeX Warning: Command \textregistered invalid in math mode on input line 1043.



LaTeX Warning: Command \textcircled invalid in math mode on input line 1043.


LaTeX Warning: Command \textcircled invalid in math mode on input line 1043.

<Figuras/Fig2_7.png, id=146, 546.843pt x 269.005pt>
File: Figuras/Fig2_7.png Graphic file (type png)
 <use Figuras/Fig2_7.png>
Package pdftex.def Info: Figuras/Fig2_7.png used on input line 1055.
(pdftex.def)             Requested size: 227.62204pt x 111.97157pt.


LaTeX Warning: Command \textregistered invalid in math mode on input line 1058.



LaTeX Warning: Command \textcircled invalid in math mode on input line 1058.


LaTeX Warning: Command \textcircled invalid in math mode on input line 1058.


LaTeX Warning: Command \textregistered invalid in math mode on input line 1058.



LaTeX Warning: Command \textcircled invalid in math mode on input line 1058.


LaTeX Warning: Command \textcircled invalid in math mode on input line 1058.


LaTeX Warning: `!h' float specifier changed to `!ht'.


Overfull \hbox (13.20267pt too wide) in paragraph at lines 1071--1075
[]\OT1/ptm/m/n/10 La de-fi-ni-ci[]on de trans-for-ma-da de Fou-rier im-pli-ca q
ue $[]\tocfonts [\OML/cmm/m/it/10 f[]\tocfonts (\OML/cmm/m/it/10 m; n\tocfonts 
) + \OML/cmm/m/it/10 f[]\tocfonts (\OML/cmm/m/it/10 m; n\tocfonts )] = [][\OML/
cmm/m/it/10 f[]\tocfonts (\OML/cmm/m/it/10 m; n\tocfonts )] +
 []

LaTeX Info: Redefining \. on input line 1084.
LaTeX Info: Redefining \% on input line 1084.

Underfull \hbox (badness 10000) has occurred while \output is active
[]
 []

[26 <./Figuras/Fig2_6.png>]
LaTeX Info: Redefining \. on input line 1127.
LaTeX Info: Redefining \% on input line 1127.

Underfull \hbox (badness 10000) has occurred while \output is active
[]
 []

[27 <./Figuras/Fig2_7.png>]
Overfull \hbox (14.71507pt too wide) in paragraph at lines 1140--1143
[]\OT1/ptm/m/n/10 Las tran-si-cio-nes abrup-tas, co-mo bor-des y con-tor-nos, e
n una ima-gen ori-gi-nal $\OML/cmm/m/it/10 f\tocfonts (\OML/cmm/m/it/10 m; n\to
cfonts )$ \OT1/ptm/m/n/10 se co-rres-pon-den
 []


Overfull \hbox (9.60597pt too wide) in paragraph at lines 1147--1149
[]\OT1/ptm/m/n/10 Puede apro-ve-char-se es-ta ca-rac-ter[]^^Psti-ca pa-ra im-pl
e-men-tar m[]eto-dos de fil-tra-do pa-ra sua-vi-zar ope-ran-do
 []

<Figuras/Fig2_8.png, id=155, 525.162pt x 510.708pt>
File: Figuras/Fig2_8.png Graphic file (type png)
 <use Figuras/Fig2_8.png>
Package pdftex.def Info: Figuras/Fig2_8.png used on input line 1181.
(pdftex.def)             Requested size: 227.62204pt x 221.35352pt.


LaTeX Warning: Command \textregistered invalid in math mode on input line 1184.



LaTeX Warning: Command \textcircled invalid in math mode on input line 1184.


LaTeX Warning: Command \textcircled invalid in math mode on input line 1184.


LaTeX Warning: Command \textregistered invalid in math mode on input line 1184.



LaTeX Warning: Command \textcircled invalid in math mode on input line 1184.


LaTeX Warning: Command \textcircled invalid in math mode on input line 1184.


LaTeX Warning: `!h' float specifier changed to `!ht'.


Overfull \hbox (1.71693pt too wide) in paragraph at lines 1194--1195
[]\OT1/ptm/m/n/10 De mo-do an[]alo-go, pa-ra el ca-so del fil-tro de pa-so ba-j
o se de-fi-ne a par-tir de la ma-triz de trans-fe-ren-cia
 []

<Figuras/Fig2_9.png, id=156, 525.162pt x 510.708pt>
File: Figuras/Fig2_9.png Graphic file (type png)
 <use Figuras/Fig2_9.png>
Package pdftex.def Info: Figuras/Fig2_9.png used on input line 1209.
(pdftex.def)             Requested size: 227.62204pt x 221.35352pt.


LaTeX Warning: Command \textregistered invalid in math mode on input line 1212.



LaTeX Warning: Command \textcircled invalid in math mode on input line 1212.


LaTeX Warning: Command \textcircled invalid in math mode on input line 1212.


LaTeX Warning: Command \textregistered invalid in math mode on input line 1212.



LaTeX Warning: Command \textcircled invalid in math mode on input line 1212.


LaTeX Warning: Command \textcircled invalid in math mode on input line 1212.


LaTeX Warning: `!h' float specifier changed to `!ht'.

LaTeX Info: Redefining \. on input line 1231.
LaTeX Info: Redefining \% on input line 1231.

Underfull \hbox (badness 10000) has occurred while \output is active
[]
 []

[28]
LaTeX Info: Redefining \. on input line 1231.
LaTeX Info: Redefining \% on input line 1231.

Underfull \hbox (badness 10000) has occurred while \output is active
[]
 []

[29 <./Figuras/Fig2_8.png> <./Figuras/Fig2_9.png>]) (./Cap3.tex
LaTeX Info: Redefining \. on input line 1.
LaTeX Info: Redefining \% on input line 1.

Underfull \hbox (badness 10000) has occurred while \output is active
[]
 []

[30]
Cap\'{\i }tulo 3.

LaTeX Warning: Reference `CapIII' on page 31 undefined on input line 6.


Overfull \hbox (13.9561pt too wide) in paragraph at lines 9--11
[]\OT1/ptm/m/n/10 En l[]^^Pneas ge-ne-ra-les, los de-tec-to-res de ra-dia-ci[]o
n pre-sen-tan si-mi-li-tu-des en cuan-to a su com-por-ta-mien-to. 
 []


Overfull \hbox (5.54625pt too wide) in paragraph at lines 36--39
\OT1/ptm/m/n/10 de un cam-po mix-to, co-mo ocu-rre en pro-ce-sos nu-clea-res) e
s ne-ce-sa-rio uti-li-zar ma-te-ria-les sen-si-bles
 []

[31

]
Overfull \hbox (2.89651pt too wide) in paragraph at lines 44--47
\OT1/ptm/m/n/10 con ma-te-ria-les sen-si-bles, sino que de-be acu-dir-se al di-
se[]no de arre-glos es-pec[]^^Pfi-cos pa-ra de-tec-ci[]on. 
 []


Overfull \hbox (4.88638pt too wide) in paragraph at lines 47--50
[]\OT1/ptm/m/n/10 Para de-ter-mi-na-cio-nes de al-ta ta-sa de con-teo, es ne-ce
-sa-rio em-plear de-tec-to-res
 []

LaTeX Info: Redefining \. on input line 96.
LaTeX Info: Redefining \% on input line 96.

Underfull \hbox (badness 10000) has occurred while \output is active
[]
 []

[32]
Overfull \hbox (31.66623pt too wide) in paragraph at lines 98--102
\OT1/ptm/m/n/10 al-gu-nas ca-rac-ter[]^^Psti-cas es-pec[]^^Pfi-cas, co-mo que e
s ma-yor pa-ra pa-ra energ[]^^Pas ba-jas[], au-men-ta sig-ni-fi-ca-ti-va-men-te

 []


Overfull \hbox (6.16693pt too wide) in paragraph at lines 104--112
\OT1/ptm/m/n/10 de in-ter-ac-ci[]on, los fo-to-nes del haz in-ci-den-te pue-den
 su-frir ab-sor-ci[]on fo-to-el[]ectri-ca, \OT1/ptm/m/it/10 scat-te-ring \OT1/p
tm/m/n/10 Com-pton
 []


Overfull \hbox (13.13553pt too wide) in paragraph at lines 114--117
\OT1/ptm/m/n/10 se de-no-mi-na co-efi-cien-te de ate-nua-ci[]on li-neal to-tal 
y re-pre-sen-ta la in-te-gra-ci[]on de to-das las pro-ba-bi-li-da-des
 []


Overfull \hbox (11.03317pt too wide) in paragraph at lines 133--134
[]\OT1/ptm/m/n/10 Colisiones el[]asti-cas, que son re-le-van-tes pa-ra energ[]^
^Pas $\OMS/cmsy/m/n/10 ^^Y  \tocfonts 1\OML/cmm/m/it/10 MeV$\OT1/ptm/m/n/10 , d
e-no-mi-na-dos neu-tro-nes r[]api-dos). 
 []


Overfull \hbox (12.5256pt too wide) in paragraph at lines 134--135
[]\OT1/ptm/m/n/10 Colisiones inel[]asti-cas que son re-le-van-tes pa-ra va-lo-r
es de energ[]^^Pa su-pe-rio-res al um-bral de ex-ci-ta-ci[]on
 []


Overfull \hbox (4.27719pt too wide) in paragraph at lines 140--142
[]\OT1/ptm/m/n/10 Fisi[]on: A energ[]^^Pas ``t[]ermi-cas'' (del or-den del eV),
 los neu-tro-nes se de-no-mi-nan neu-tro-nes t[]ermi-cos
 []

LaTeX Info: Redefining \. on input line 150.
LaTeX Info: Redefining \% on input line 150.

Underfull \hbox (badness 10000) has occurred while \output is active
[]
 []

[33]
Overfull \hbox (12.38097pt too wide) in paragraph at lines 163--164
[]\OT1/ptm/m/n/10 Algunos elec-tro-nes, par-ti-cu-lar-men-te los emi-ti-dos en 
las de-sin-te-gra-cio-nes $\OML/cmm/m/it/10 ^^L$\OT1/ptm/m/n/10 , via-jan con v
e-lo-ci-da-des
 []


Overfull \hbox (4.78596pt too wide) in paragraph at lines 164--166
[]\OT1/ptm/m/n/10 Los elec-tro-nes su-frir[]an cam-bios sig-ni-fi-ca-ti-vos en 
la di-rec-ci[]on de mo-vi-mien-to co-mo con-se-cuen-cia
 []


Overfull \hbox (45.03978pt too wide) in paragraph at lines 169--171
\OT1/ptm/m/n/10 cin[]eti-ca), el electr[]on su-fre gran-des ace-le-ra-cio-nes. 
Co-mo con-se-cuen-cia, se emi-te ra-dia-ci[]on elec-tro-magn[]eti-ca
 []


Overfull \hbox (6.39955pt too wide) in paragraph at lines 201--203
[]\OT1/ptm/m/n/10 Una gran can-ti-dad de co-li-sio-nes an-tes de que la part[]^
^Pcu-la ce-da to-da su energ[]^^Pa cin[]eti-ca. Co-li-sio-nes
 []

LaTeX Info: Redefining \. on input line 208.
LaTeX Info: Redefining \% on input line 208.

Underfull \hbox (badness 10000) has occurred while \output is active
[]
 []

[34]
Overfull \hbox (26.1555pt too wide) in paragraph at lines 234--240
\OT1/ptm/m/n/10 sis-te-ma re-la-ti-va-men-te sim-ple lo que, su-ma-do a teor[]^
^Pas s[]oli-das res-pec-to de sus prin-ci-pios de fun-cio-na-mien-to,
 []

LaTeX Info: Redefining \. on input line 266.
LaTeX Info: Redefining \% on input line 266.

Underfull \hbox (badness 10000) has occurred while \output is active
[]
 []

[35]
Overfull \hbox (16.55563pt too wide) in paragraph at lines 290--291
[]\OT1/ptm/m/n/10 Los de-tec-to-res Geiger-M[]uller son de-tec-to-res gaeo-sos 
di-se[]nados pa-ra ob-te-ner la m[]axi-ma am-pli-fi-ca-ci[]on
 []

LaTeX Info: Redefining \. on input line 317.
LaTeX Info: Redefining \% on input line 317.

Underfull \hbox (badness 10000) has occurred while \output is active
[]
 []

[36]
Overfull \hbox (21.72757pt too wide) in paragraph at lines 317--320
[]\OT1/ptm/m/n/10 Los de-tec-to-res de es-ta-do s[]oli-do, que pre-sen-tan den-
si-da-des mu-cho ma-yo-res, cuen-tan con la pro-ba-bi-li-dad
 []


Overfull \hbox (1.36751pt too wide) in paragraph at lines 366--378
\OT1/ptm/m/n/10 cuan-do est[]an io-ni-za-dos por ac-ci[]on de la ra-dia-ci[]on 
in-ci-den-te, por ejem-plo, la car-ga el[]ectri-ca pro-du-ci-da
 []

LaTeX Info: Redefining \. on input line 378.
LaTeX Info: Redefining \% on input line 378.

Underfull \hbox (badness 10000) has occurred while \output is active
[]
 []

[37]
Overfull \hbox (9.01778pt too wide) in paragraph at lines 380--392
[]\OT1/ptm/m/n/10 Algunas des-ven-ta-jas o in-con-ve-nien-tes de es-tos dis-po-
si-ti-vos son: ge-ne-ran co-rrien-tes no des-pre-cia-bles
 []


Overfull \hbox (16.86583pt too wide) in paragraph at lines 380--392
\OT1/ptm/m/n/10 me-di-da y li-mi-ta el es-pe-sor pr[]acti-co del ma-te-rial sen
-si-ble a ta-ma[]nos no ma-yo-res a 1cm, apro-xi-ma-da-men-te.
 []


Overfull \hbox (9.87587pt too wide) in paragraph at lines 421--427
[]\OT1/ptm/m/n/10 Originalmente, se uti-li-za-ban cuar-tos os-cu-ros pa-ra ob-s
er-var la luz emi-ti-da por es-te ti-po de ma-te-ria-les[]
 []


Overfull \hbox (8.36629pt too wide) in paragraph at lines 429--436
[]\OT1/ptm/m/n/10 Los de-tec-to-res por cen-te-lleo, ge-ne-ral-men-te re-quie-r
en de dis-po-si-ti-vos ex-tra pa-ra me-jo-rar la efi-cien-cia
 []


Overfull \hbox (18.78876pt too wide) in paragraph at lines 429--436
\OT1/ptm/m/n/10 de lec-tu-ra. Com[]unmen-te se uti-li-zan t[]ecni-cas electr[]o
ni-cas ba-sa-das en arre-glo de tu-bos fo-to-mul-ti-pli-ca-do-res.
 []


Overfull \hbox (2.69633pt too wide) in paragraph at lines 429--436
\OT1/ptm/m/n/10 un pul-so de co-rrien-te el[]ectri-ca al ser es-ti-mu-la-do por
 se[]nales muy d[]ebi-les, co-mo el cen-te-lleo pro-du-ci-do
 []


Overfull \hbox (9.44939pt too wide) in paragraph at lines 438--444
\OT1/ptm/m/n/10 ejec-ta elec-tro-nes cuan-do son al-can-za-dos por fo-to-nes vi
-si-bles. La su-per-fi-cie de fo-to-emi-si[]on se de-no-mi-na
 []


Overfull \hbox (7.23572pt too wide) in paragraph at lines 453--462
[]\OT1/ptm/m/n/10 Los d[]^^Pno-dos son man-te-ni-dos a di-fe-ren-tes va-lo-res 
de po-ten-cial (cre-cien-te) pa-ra atraer a los elec-tro-nes
 []


Underfull \vbox (badness 10000) has occurred while \output is active []

LaTeX Info: Redefining \. on input line 462.
LaTeX Info: Redefining \% on input line 462.

Underfull \hbox (badness 10000) has occurred while \output is active
[]
 []

[38]
Overfull \hbox (8.34639pt too wide) in paragraph at lines 464--470
[]\OT1/ptm/m/n/10 Existen tam-bi[]en de-tec-to-res de cen-te-lleo de-no-mi-na-d
os ``cen-te-lla-do-res inorg[]ani-cos'', ya que con-sis-ten
 []


Overfull \hbox (4.57529pt too wide) in paragraph at lines 478--491
[]\OT1/ptm/m/n/10 A di-fe-ren-cia del ca-so de ma-te-ria-les inorg[]ani-cos, lo
s de-tec-to-res ba-sa-dos en materia- les cen-te-lla-do-res
 []


Overfull \hbox (11.09691pt too wide) in paragraph at lines 478--491
\OT1/ptm/m/n/10 org[]ani-cos, pro-du-cen el efec-to de cen-te-lleo de-bi-do a p
ro-pie-dad in-he-ren-te de la mol[]ecu-la de la subs-tan-cia.
 []


Overfull \hbox (6.9492pt too wide) in paragraph at lines 478--491
\OT1/ptm/m/n/10 subs-tan-cia ra-dio-ac-ti-va a es-ta mez-cla. Se co-lo-ca el co
n-te-ne-dor en-tre un par de tu-bos fo-to-mul-ti-pli-ca-do-res
 []


Overfull \hbox (1.32758pt too wide) in paragraph at lines 528--535
[]\OT1/ptm/m/n/10 Los films, ori-gi-nal-men-te ra-diogr[]afi-cos, en t[]ermi-no
s do-sim[]etri-cos de po-bre ca-pa-ci-dad, ac-tual-men-te
 []

LaTeX Info: Redefining \. on input line 535.
LaTeX Info: Redefining \% on input line 535.

Underfull \hbox (badness 10000) has occurred while \output is active
[]
 []

[39]
Overfull \hbox (4.30588pt too wide) in paragraph at lines 537--543
[]\OT1/ptm/m/n/10 El prin-ci-pio de fun-cio-na-mien-to se ba-sa en reac-cio-nes
 qu[]^^Pmi-cas ca-ta-li-za-das por la energ[]^^Pa ab-sor-bi-da
 []


Overfull \hbox (13.04575pt too wide) in paragraph at lines 555--561
\OT1/ptm/m/n/10 es-te fin se apro-ve-cha la ma-ni-fes-ta-ci[]on evi-den-te en l
a di-fe-ren-cia de pro-pie-da-des de ab-sor-ci[]on/transmisi[]on
 []


Overfull \hbox (24.95923pt too wide) in paragraph at lines 563--567
[]\OT1/ptm/m/n/10 La res-pues-ta del sis-te-ma es, en de-fi-ni-ti-va, la lec-tu
-ra den-si-tom[]etri-ca. Y es []esta la que de-be co-rre-la-cio-nar-se
 []

) (./Cap4.tex
LaTeX Info: Redefining \. on input line 1.
LaTeX Info: Redefining \% on input line 1.

Underfull \hbox (badness 10000) has occurred while \output is active
[]
 []

[40]
Cap\'{\i }tulo 4.

Underfull \vbox (badness 10000) has occurred while \output is active []

 [41

]
Underfull \hbox (badness 10000) in paragraph at lines 88--89

 []

LaTeX Info: Redefining \. on input line 109.
LaTeX Info: Redefining \% on input line 109.

Underfull \hbox (badness 10000) has occurred while \output is active
[]
 []

[42]
Overfull \hbox (2.06638pt too wide) in paragraph at lines 121--123
\OT1/ptm/m/n/10 con-cep-tual-men-te es si-mi-lar al ope-ra-dor de So-bel, ex-ce
p-to por los va-lo-res es-pec[]^^Pfi-cos de los ele-men-tos
 []

LaTeX Info: Redefining \. on input line 172.
LaTeX Info: Redefining \% on input line 172.

Underfull \hbox (badness 10000) has occurred while \output is active
[]
 []

[43]
LaTeX Info: Redefining \. on input line 258.
LaTeX Info: Redefining \% on input line 258.

Underfull \hbox (badness 10000) has occurred while \output is active
[]
 []

[44]

LaTeX Warning: Reference `CapII' on page 45 undefined on input line 286.


Overfull \hbox (10.68478pt too wide) in paragraph at lines 308--310
[]\OT1/ptm/m/n/10 La ex-ten-si[]on de los ope-ra-do-res, ori-gi-nal-men-te de 3
 $\OMS/cmsy/m/n/10 ^^B$ \OT1/ptm/m/n/10 3 pue-de rea-li-zar-se ha-cia cual-quie
-ra di-men-si[]on,
 []

LaTeX Info: Redefining \. on input line 332.
LaTeX Info: Redefining \% on input line 332.

Underfull \hbox (badness 10000) has occurred while \output is active
[]
 []

[45]
Overfull \hbox (5.55717pt too wide) in paragraph at lines 352--353
[]\OT1/ptm/m/n/10 Para la rea-li-za-ci[]on del fil-tro uti-li-za-do en la pri-m
e-ra eta-pa, se de-ri-va la ex-pre-si[]on 4.14[], ob-te-ni[]endo-se: 
 []

) (./Cap5.tex
LaTeX Info: Redefining \. on input line 1.
LaTeX Info: Redefining \% on input line 1.

Underfull \hbox (badness 10000) has occurred while \output is active
[]
 []

[46]
Cap\'{\i }tulo 5.

Overfull \hbox (0.20612pt too wide) in paragraph at lines 22--29
\OT1/ptm/m/n/10 alea-to-rias mos-trar[]an una evo-lu-ci[]on con-di-cio-na-da po
r el v[]^^Pncu-lo al fen[]omeno pro-ba-bil[]^^Psti-co aso-cia-do.
 []


Overfull \hbox (10.86575pt too wide) in paragraph at lines 34--35
[] \OT1/ptm/m/sl/10 El pro-ce-so es-toc[]asti-co con-sis-te en el con-jun-to (o
 fa-mi-lia) de va-ria-bles alea-to-rias $\OMS/cmsy/m/n/10 f\OML/cmm/m/it/10 X[]
t \OMS/cmsy/m/n/10 2 \tocfonts [\OML/cmm/m/it/10 t[]; t[]\tocfonts ]\OMS/cmsy/m
/n/10 g$
 []


Underfull \vbox (badness 7030) has occurred while \output is active []

 [47

]
Overfull \hbox (7.59756pt too wide) in paragraph at lines 36--39
[]\OT1/ptm/m/n/10 En con-se-cuen-cia, se tie-ne que pa-ra ca-da va-lor de $\OML
/cmm/m/it/10 t$ \OT1/ptm/m/n/10 (ins-tan-te) exis-te la va-ria-ble alea-to-ria 
re-pre-sen-ta-da
 []


Overfull \hbox (50.97636pt too wide) in paragraph at lines 105--112
\OT1/ptm/m/n/10 es-tu-vo el pro-ce-so. En es-te ca-so, la pro-ba-bi-li-dad con-
di-cio-na-da es $\OML/cmm/m/it/10 P [] \tocfonts =
 []

LaTeX Info: Redefining \. on input line 112.
LaTeX Info: Redefining \% on input line 112.

Underfull \hbox (badness 10000) has occurred while \output is active
[]
 []

[48]
LaTeX Info: Redefining \. on input line 117.
LaTeX Info: Redefining \% on input line 117.

Underfull \hbox (badness 10000) has occurred while \output is active
[]
 []

[49]
Overfull \hbox (11.30872pt too wide) in paragraph at lines 157--158
[]$\OML/cmm/m/it/10 N\tocfonts (\OML/cmm/m/it/10 t[]\tocfonts ) \OMS/cmsy/m/n/1
0 ^^@ \OML/cmm/m/it/10 N\tocfonts (\OML/cmm/m/it/10 t[]\tocfonts )$ \OT1/ptm/m/
n/10 es una va-ria-ble alea-to-ria in-de-pen-dien-te (pro-ce-so de in-cre-men-t
os in-de-pen-dien-tes)
 []


Overfull \hbox (2.05034pt too wide) in paragraph at lines 178--180
[]\OT1/ptm/m/n/10 En una ex-pe-rien-cia $\OML/cmm/m/it/10 M$\OT1/ptm/m/n/10 -di
mensional, una rea-li-za-ci[]on es el re-sul-ta-do ob-te-ni-do de los $\OML/cmm
/m/it/10 M$ \OT1/ptm/m/n/10 par[]ame-tros,
 []


Overfull \hbox (0.62685pt too wide) in paragraph at lines 181--188
\OT1/ptm/m/n/10 Sin em-bar-go, exis-te una fuer-te res-tric-ci[]on que ra-di-ca
 en el he-cho de que en mu-chas se-ries tem-po-ra-les,
 []


Overfull \hbox (14.39783pt too wide) in paragraph at lines 193--199
[]\OT1/ptm/m/n/10 Para un es-pa-cio de es-ta-dos $\OML/cmm/m/it/10 M$\OT1/ptm/m
/n/10 -dimensional, pue-den cal-cu-lar-se can-ti-da-des y me-di-das es-tad[]^^P
sti-ca-men-te
 []


Overfull \hbox (3.58122pt too wide) in paragraph at lines 193--199
\OT1/ptm/m/n/10 re-pre-sen-ta-ti-vas pa-ra los es-ta-dos des-cri-tos por las va
-ria-bles $\OML/cmm/m/it/10 M$\OT1/ptm/m/n/10 -dimensionales. En par-ti-cu-lar,
 se de-fi-nen
 []


Overfull \hbox (24.5561pt too wide) in paragraph at lines 193--199
\OT1/ptm/m/n/10 -entre tantos- me-di-das co-mo ten-so-res de va-lor me-dio y de
 co-va-rian-zas, que per-mi-ten ob-te-ner ca-rac-ter[]^^Psti-cas
 []

LaTeX Info: Redefining \. on input line 215.
LaTeX Info: Redefining \% on input line 215.

Underfull \hbox (badness 10000) has occurred while \output is active
[]
 []

[50]
Overfull \hbox (28.58499pt too wide) in paragraph at lines 215--219
[]\OT1/ptm/m/n/10 Un \OT1/ptm/m/sl/10 pro-ce-so es-toc[]asti-co es-ta-cio-na-ri
o en sen-ti-do es-tric-to \OT1/ptm/m/n/10 re-quie-re que al rea-li-zar un mis-m
o des-pla-za-mien-to
 []


LaTeX Warning: Reference `EqX' on page 51 undefined on input line 270.


LaTeX Warning: Reference `EqX' on page 51 undefined on input line 276.

LaTeX Info: Redefining \. on input line 283.
LaTeX Info: Redefining \% on input line 283.

Underfull \hbox (badness 10000) has occurred while \output is active
[]
 []

[51]) (./Cap6.tex
Overfull \hbox (15.03172pt too wide) in paragraph at lines 350--1
\OT1/ptm/m/n/10 es-tric-ta-men-te pro-ve-nien-te de la fuen-te de emi-si[]on $\
OML/cmm/m/it/10 S$\OT1/ptm/m/n/10 , mien-tras que los t[]ermi-nos $\tocfonts 	[
]$ \OT1/ptm/m/n/10 son las con-tri-bu-cio-nes
 []

LaTeX Info: Redefining \. on input line 1.
LaTeX Info: Redefining \% on input line 1.

Underfull \hbox (badness 10000) has occurred while \output is active
[]
 []

[52]
LaTeX Info: Redefining \. on input line 1.
LaTeX Info: Redefining \% on input line 1.

Underfull \hbox (badness 10000) has occurred while \output is active
[]
 []

[53] [54

]
Cap\'{\i }tulo 6.

Overfull \hbox (1.89687pt too wide) in paragraph at lines 14--18
[]\OT1/ptm/m/n/10 Tal co-mo se enun-ci[]o en sec-cio-nes pre-ce-den-tes, exis-t
e una am-plia va-rie-dad de pro-ble-mas aso-cia-dos
 []


LaTeX Warning: Reference `EqX' on page 55 undefined on input line 21.


LaTeX Warning: Reference `EqX' on page 55 undefined on input line 26.


Underfull \vbox (badness 7168) has occurred while \output is active []

 [55]
Overfull \hbox (3.4367pt too wide) in paragraph at lines 36--37
[]\OT1/ptm/m/n/10 Si bien se co-no-ce una fun-ci[]on pri-mi-ti-va, re-sul-ta ex
-ce-si-va-men-te com-ple-ja o ex-ten-sa su apli-ca-ci[]on. 
 []

LaTeX Info: Redefining \. on input line 100.
LaTeX Info: Redefining \% on input line 100.

Underfull \hbox (badness 10000) has occurred while \output is active
[]
 []

[56]
Overfull \hbox (7.07693pt too wide) in paragraph at lines 150--154
\OT1/ptm/m/n/10 que em-plea una se-rie de l[]^^Pneas pa-ra-le-las y una va-ra, 
cu-ya lon-gi-tud guar-da co-rre-la-ci[]on con la se-pa-ra-ci[]on
 []


Underfull \hbox (badness 10000) in paragraph at lines 164--165

 []


Underfull \hbox (badness 10000) in paragraph at lines 166--167

 []

LaTeX Info: Redefining \. on input line 168.
LaTeX Info: Redefining \% on input line 168.

Underfull \hbox (badness 10000) has occurred while \output is active
[]
 []

[57]
Underfull \hbox (badness 10000) in paragraph at lines 168--169

 []


Underfull \hbox (badness 10000) in paragraph at lines 170--171

 []


Underfull \hbox (badness 10000) in paragraph at lines 172--174

 []


Underfull \hbox (badness 10000) in paragraph at lines 175--176

 []

<Figuras/Fig7_1.png, id=259, 652.4375pt x 677.53125pt>
File: Figuras/Fig7_1.png Graphic file (type png)

<use Figuras/Fig7_1.png>
Package pdftex.def Info: Figuras/Fig7_1.png used on input line 187.
(pdftex.def)             Requested size: 341.43306pt x 354.57202pt.


LaTeX Warning: `!h' float specifier changed to `!ht'.


Overfull \hbox (4.95998pt too wide) in paragraph at lines 202--209
\OT1/ptm/m/n/10 Mon-te Car-lo. El pri-me-ro se lla-ma ``M[]eto-do Mon-te Car-lo
 de []exito-fracaso'', ba-sa-do en la in-ter-pre-ta-ci[]on
 []


Overfull \hbox (7.26694pt too wide) in paragraph at lines 214--215
[]\OT1/ptm/m/n/10 Consid[]ere-se el pro-ble-ma de cal-cu-lar una in-te-gral uni
-di-men-sio-nal, don-de se asu-me que el in-te-gran-do
 []

LaTeX Info: Redefining \. on input line 249.
LaTeX Info: Redefining \% on input line 249.

Underfull \hbox (badness 10000) has occurred while \output is active
[]
 []

[58]
LaTeX Info: Redefining \. on input line 271.
LaTeX Info: Redefining \% on input line 271.

Underfull \hbox (badness 10000) has occurred while \output is active
[]
 []

[59 <./Figuras/Fig7_1.png>]
<Figuras/Fig7_2.png, id=268, 636.3775pt x 568.1225pt>
File: Figuras/Fig7_2.png Graphic file (type png)
 <use Figuras/Fig7_2.png>
Package pdftex.def Info: Figuras/Fig7_2.png used on input line 322.
(pdftex.def)             Requested size: 284.52756pt x 254.00568pt.


LaTeX Warning: `!h' float specifier changed to `!ht'.


Overfull \hbox (17.00713pt too wide) in paragraph at lines 335--372
\OT1/ptm/m/n/10 Car-lo, que sien-do m[]eto-do num[]eri-co ca-paz de ex-plo-tar 
la ca-pa-ci-dad de los pro-ce-sa-do-res en compu-tado-res,
 []


Overfull \hbox (14.90611pt too wide) in paragraph at lines 335--372
\OT1/ptm/m/n/10 la in-ter-ac-ci[]on de la ra-dia-ci[]on con la ma-te-ria, pa-ra
 in-ves-ti-gar as-pec-tos do-sim[]etri-cos y de ra-dio-diagn[]osti-co,
 []


Overfull \hbox (6.0967pt too wide) in paragraph at lines 335--372
\OT1/ptm/m/n/10 car-ci-nog[]ene-sis, ob-te-ner es-pec-tros de sa-li-da de uni-d
a-des de te-ra-pia, ca-rac-te-ri-zar de-tec-to-res de ra-dia-ci[]on
 []


Underfull \hbox (badness 10000) in paragraph at lines 335--372

 []

LaTeX Info: Redefining \. on input line 372.
LaTeX Info: Redefining \% on input line 372.

Underfull \hbox (badness 10000) has occurred while \output is active
[]
 []

[60]
Overfull \hbox (2.49554pt too wide) in paragraph at lines 380--436
[]\OT1/ptm/m/n/10 La his-to-ria o tra-yec-to-ria de una part[]^^Pcu-la es vis-t
a co-mo una se-cuen-cia alea-to-ria de des-pla-za-mien-tos
 []


Overfull \hbox (11.03629pt too wide) in paragraph at lines 380--436
\OT1/ptm/m/n/10 li-bres que ter-mi-nan con un even-to de in-ter-ac-ci[]on don-d
e la part[]^^Pcu-la cam-bia su di-rec-ci[]on de mo-vi-mien-to,
 []


Underfull \vbox (badness 10000) has occurred while \output is active []

LaTeX Info: Redefining \. on input line 436.
LaTeX Info: Redefining \% on input line 436.

Underfull \hbox (badness 10000) has occurred while \output is active
[]
 []

[61 <./Figuras/Fig7_2.png>]
Overfull \hbox (10.8294pt too wide) in paragraph at lines 441--457
\OT1/ptm/m/n/10 cons-tan-te en-tre dos in-ter-ac-cio-nes su-ce-si-vas con el me
-dio. El mo-de-la-do de su ``vi-da'' pue-de re-pre-sen-tar-se
 []

LaTeX Info: Redefining \. on input line 457.
LaTeX Info: Redefining \% on input line 457.

Underfull \hbox (badness 10000) has occurred while \output is active
[]
 []

[62]
Underfull \hbox (badness 10000) in paragraph at lines 473--487

 []


Underfull \hbox (badness 10000) in paragraph at lines 491--503

 []


Overfull \hbox (13.96617pt too wide) in paragraph at lines 507--535
\OT1/ptm/m/n/10 El mo-do de re-sol-ver las di-fi-cul-ta-des de-ri-va-das de es-
te in-con-ve-nien-te se re-cu-rre a una t[]ecni-ca de-no-mi-na-da
 []

LaTeX Info: Redefining \. on input line 535.
LaTeX Info: Redefining \% on input line 535.

Underfull \hbox (badness 10000) has occurred while \output is active
[]
 []

[63]
Underfull \hbox (badness 10000) in paragraph at lines 555--558

 []


Underfull \hbox (badness 10000) in paragraph at lines 565--576

 []

LaTeX Info: Redefining \. on input line 590.
LaTeX Info: Redefining \% on input line 590.

Underfull \hbox (badness 10000) has occurred while \output is active
[]
 []

[64]) (./Cap7.tex
LaTeX Info: Redefining \. on input line 1.
LaTeX Info: Redefining \% on input line 1.

Underfull \hbox (badness 10000) has occurred while \output is active
[]
 []

[65] [66

]
Cap\'{\i }tulo 7.

Overfull \hbox (21.65912pt too wide) in paragraph at lines 3--7
\OT1/ptm/m/n/10 de-di-ca-dos al trans-por-te de ra-dia-ci[]on. Se pre-sen-tan l
as ca-rac-ter[]^^Psti-cas gen[]eri-cos de los c[]odi-gos PE-NE-LO-PE
 []


Overfull \hbox (1.1357pt too wide) in paragraph at lines 10--11
\OT1/ptm/m/n/10 gen[]eri-ca pa-ra de-no-mi-nar pro-ce-di-mien-to ma-tem[]ati-co
s cu-ya ca-rac-ter[]^^Psti-ca com[]un es el uso de n[]ume-ros
 []


Overfull \hbox (3.51689pt too wide) in paragraph at lines 10--11
\OT1/ptm/m/n/10 es am-plia-men-te acep-ta-do y ca-da vez mas ex-ten-di-do, co-m
o una he-rra-mien-ta pa-ra rea-li-zar in-ves-ti-ga-ci[]on
 []

[67]
Overfull \hbox (1.01622pt too wide) in paragraph at lines 20--21
[]\OT1/ptm/m/n/10 A mo-do de fi-jar ideas, se pre-sen-ta el di-se[]no del set u
p de uu-na si-tua-ci[]on t[]^^Ppi-ca en ra-dio-diagn[]osti-co,
 []


Overfull \hbox (1.9469pt too wide) in paragraph at lines 30--31
\OT1/ptm/m/n/10 Al-gu-nos de los c[]odi-gos m[]as uti-li-za-dos en apli-ca-cio-
nes de f[]^^Psi-ca m[]edi-ca son MCNP, EGS4, GEANT4,
 []


Overfull \hbox (3.36754pt too wide) in paragraph at lines 36--37
[]\OT1/ptm/m/n/10 Para rea-li-zar una si-mu-la-ci[]on, de-be crear-se un ar-chi
-vo de en-tra-da, t[]^^Ppi-ca-men-te de-no-mi-na-do \in-put".
 []


Overfull \hbox (14.07611pt too wide) in paragraph at lines 47--48
\OT1/ptm/m/n/10 si-mu-la-ci[]on de-ta-lla-da y t[]ecni-cas de-no-mi-na-das \si-
mu-la-ci[]on con-den-sa-da", que con-sis-ten b[]asi-ca-men-te
 []


Overfull \hbox (9.45926pt too wide) in paragraph at lines 47--48
\OT1/ptm/m/n/10 -estad[]^^Psticamente-. Pa-ra ello, se cuen-ta con for-ma-lis-m
os te[]ori-cos de-no-mi-na-dos mul-ti-ple scat-te-ring
 []

LaTeX Info: Redefining \. on input line 48.
LaTeX Info: Redefining \% on input line 48.

Underfull \hbox (badness 10000) has occurred while \output is active
[]
 []

[68]
Overfull \hbox (14.98746pt too wide) in paragraph at lines 61--62
\OT1/ptm/m/n/10 re-sul-ta-do, crea ar-chi-vos nue-vos de sa-li-da de-no-mi-na-d
os \out-puts", que in-clu-yen los re-sul-ta-dos ge-ne-ra-dos,
 []

<figures/cap7/penelope.png, id=299, 1011.78pt x 581.17125pt>
File: figures/cap7/penelope.png Graphic file (type png)

<use figures/cap7/penelope.png>
Package pdftex.def Info: figures/cap7/penelope.png used on input line 67.
(pdftex.def)             Requested size: 297.0pt x 170.60158pt.

Overfull \hbox (20.94841pt too wide) in paragraph at lines 81--82
\OT1/ptm/m/n/10 elec-tro-nes, neu-tri-nos, muo-nes de va-rias can-ti-da-des de 
energ[]^^Pa, ha-dro-nes, as[]^^P co-mo de sus co-rres-pon-dien-tes
 []

LaTeX Info: Redefining \. on input line 82.
LaTeX Info: Redefining \% on input line 82.

Underfull \hbox (badness 10000) has occurred while \output is active
[]
 []

[69 <./figures/cap7/penelope.png>]
<figures/cap7/fluka.png, id=303, 985.6825pt x 687.56876pt>
File: figures/cap7/fluka.png Graphic file (type png)

<use figures/cap7/fluka.png>
Package pdftex.def Info: figures/cap7/fluka.png used on input line 87.
(pdftex.def)             Requested size: 297.0pt x 207.17448pt.
) (./Cap8.tex
LaTeX Info: Redefining \. on input line 1.
LaTeX Info: Redefining \% on input line 1.

Underfull \hbox (badness 10000) has occurred while \output is active
[]
 []

[70 <./figures/cap7/fluka.png>]
Cap\'{\i }tulo 8.

Overfull \hbox (6.51564pt too wide) in paragraph at lines 7--8
[]\OT1/ptm/m/n/10 Existen di-fe-ren-tes m[]eto-dos que han si-do apli-ca-dos e 
im-ple-men-ta-dos ru-ti-na-ria-men-te pa-ra el ima-ging
 []


Overfull \hbox (3.1057pt too wide) in paragraph at lines 9--10
[]\OT1/ptm/m/n/10 Para el es-tu-dio de las t[]acni-cas ra-diol[]ogi-cas son ne-
ce-sa-rios co-no-ci-mien-tos avan-za-dos de in-ter-ac-ci[]on
 []

<figures/cap8/irrad.png, id=308, 705.63625pt x 539.01375pt>
File: figures/cap8/irrad.png Graphic file (type png)

<use figures/cap8/irrad.png>
Package pdftex.def Info: figures/cap8/irrad.png used on input line 21.
(pdftex.def)             Requested size: 297.0pt x 226.86948pt.

Underfull \vbox (badness 10000) has occurred while \output is active []

 [71

]
Overfull \hbox (1.03683pt too wide) in paragraph at lines 28--29
[]\OT1/ptm/m/n/10 Suponiendo un sis-te-ma de de-tec-ci[]on ideal, co-lo-ca-do p
a-ra con-ta-bi-li-zar s[]olo part[]^^Pcu-las que emer-gen
 []

LaTeX Info: Redefining \. on input line 52.
LaTeX Info: Redefining \% on input line 52.

Underfull \hbox (badness 10000) has occurred while \output is active
[]
 []

[72 <./figures/cap8/irrad.png>]
Overfull \hbox (17.7259pt too wide) in paragraph at lines 71--72
[]\OT1/ptm/m/n/10 Configuraci[]on de irra-dia-ci[]on es-pe-ci-fi-can-do la es-t
ruc-tu-ra y la dis-po-si-ci[]on geom[]etri-ca y ex-pe-ri-men-tal,
 []


Overfull \hbox (6.44676pt too wide) in paragraph at lines 75--76
[]\OT1/ptm/m/n/10 Modelos de in-ter-ac-ci[]on ra-dia-ci[]on-materia, los cua-le
s pue-den ser ob-te-ni-dos por me-dio de mo-de-los
 []

) (./Cap9.tex
LaTeX Info: Redefining \. on input line 1.
LaTeX Info: Redefining \% on input line 1.

Underfull \hbox (badness 10000) has occurred while \output is active
[]
 []

[73] [74

]
Cap\'{\i }tulo 9.

Overfull \hbox (2.48535pt too wide) in paragraph at lines 3--4
\OT1/ptm/m/n/10 de car[]acter me-tab[]oli-co pa-ra com-ple-me-tar la in-for-ma-
ci[]on dis-po-ni-ble en vis-ta de rea-li-zar el diagn[]osti-co
 []

<figures/cap9/camgam.png, id=321, 527.9725pt x 498.86375pt>
File: figures/cap9/camgam.png Graphic file (type png)

<use figures/cap9/camgam.png>
Package pdftex.def Info: figures/cap9/camgam.png used on input line 13.
(pdftex.def)             Requested size: 297.0pt x 280.6254pt.

Underfull \vbox (badness 7030) has occurred while \output is active []

 [75]
LaTeX Info: Redefining \. on input line 19.
LaTeX Info: Redefining \% on input line 19.

Underfull \hbox (badness 10000) has occurred while \output is active
[]
 []

[76 <./figures/cap9/camgam.png>]
Overfull \hbox (2.42615pt too wide) in paragraph at lines 22--23
\OT1/ptm/m/n/10 fo-to-mul-ti-pli-ca-do-res, un sis-te-ma electr[]oni-co rea-li-
za la de-tec-ci[]on con-tan-do y ca-ta-lo-gan-do es-tos even-tos
 []


Overfull \hbox (9.52647pt too wide) in paragraph at lines 22--23
\OT1/ptm/m/n/10 rea-li-za la par-te del cuer-po del pa-cien-te que se in-ter-po
-ne en-tre el pun-to don-de se pro-du-jo un de-ter-mi-na-do
 []

<figures/cap9/appcamgam.png, id=329, 544.0325pt x 444.66125pt>
File: figures/cap9/appcamgam.png Graphic file (type png)

<use figures/cap9/appcamgam.png>
Package pdftex.def Info: figures/cap9/appcamgam.png used on input line 28.
(pdftex.def)             Requested size: 297.0pt x 242.75963pt.
) (./Cap10.tex
Overfull \hbox (0.92577pt too wide) in paragraph at lines 35--1
\OT1/ptm/m/n/10 pe-ro pue-den com-bi-nar-se mu-chas im[]age-nes to-ma-das des-d
e dis-tin-tas po-si-cio-nes al-re-de-dor del pa-cien-te
 []


Overfull \hbox (5.29587pt too wide) in paragraph at lines 35--1
\OT1/ptm/m/n/10 de ma-ne-ra di-gi-tal pa-ra ob-te-ner sec-cio-nes di-men-sio-na
-les del cuer-po en cual-quier orien-ta-ci[]on re-que-ri-da.
 []


Underfull \hbox (badness 10000) in paragraph at lines 35--1

 []

LaTeX Info: Redefining \. on input line 1.
LaTeX Info: Redefining \% on input line 1.

Underfull \hbox (badness 10000) has occurred while \output is active
[]
 []

[77 <./figures/cap9/appcamgam.png>]
LaTeX Info: Redefining \. on input line 1.
LaTeX Info: Redefining \% on input line 1.

Underfull \hbox (badness 10000) has occurred while \output is active
[]
 []

[78]
Cap\'{\i }tulo 10.

Overfull \hbox (12.34576pt too wide) in paragraph at lines 3--4
\OT1/ptm/m/n/10 par[]ame-tros en la ad-qui-si-ci[]on de im[]age-nes de CT[], as
[]^^P co-mo apli-ca-cio-nes en ra-dio-diagn[]osti-co anato-mi-co
 []


Overfull \hbox (5.51651pt too wide) in paragraph at lines 9--10
\OT1/ptm/m/n/10 que se le rea-li-za la irra-dia-ci[]on y de-tec-ta-dos por un d
e-tec-tor de ra-yos X, es-to pro-du-ce una ``pro-yec-ci[]on''.
 []


Overfull \hbox (17.39613pt too wide) in paragraph at lines 9--10
\OT1/ptm/m/n/10 Es-te pro-ce-so es re-pe-ti-do pa-ra di-fe-ren-tes []angu-los d
e irra-dia-ci[]on y por me-dio de m[]eto-dos de re-cons-truc-ci[]on
 []


Overfull \hbox (0.19511pt too wide) in paragraph at lines 11--12
\OT1/ptm/m/n/10 pri-mer equi-pa-mien-to que uti-li-za es-te ti-po de tec-no-log
[]^^Pa a par-tir de im[]age-nes de ra-yos X (des-cu-bier-tos
 []


Underfull \vbox (badness 2903) has occurred while \output is active []

 [79

]
<Figuras/fig10-01.png, id=339, 859.21pt x 475.7775pt>
File: Figuras/fig10-01.png Graphic file (type png)

<use Figuras/fig10-01.png>
Package pdftex.def Info: Figuras/fig10-01.png used on input line 30.
(pdftex.def)             Requested size: 297.0pt x 164.46283pt.

Overfull \hbox (1.57668pt too wide) in paragraph at lines 35--36
[]\OT1/ptm/m/n/10 Una for-ma de cla-si-fi-car los di-fe-ren-tes ti-pos de esc[]
aners, su m[]eto-do de ad-qui-si-ci[]on de pro-yec-cio-nes
 []


Overfull \hbox (38.13603pt too wide) in paragraph at lines 47--48
[]\OT1/ptm/m/n/10 Los esc[]ane-res de pri-me-ra ge-ne-ra-ci[]on (1971) tam-bi[]
en co-no-ci-dos co-mo \OT1/ptm/m/it/10 pen-cil beam \OT1/ptm/m/n/10 o \OT1/ptm/
m/it/10 tras-la-tio-nal/rotational
 []

LaTeX Info: Redefining \. on input line 51.
LaTeX Info: Redefining \% on input line 51.

Underfull \hbox (badness 10000) has occurred while \output is active
[]
 []

[80]
Overfull \hbox (7.96579pt too wide) in paragraph at lines 53--54
\OT1/ptm/m/n/10 arre-glos de de-tec-to-res y es co-no-ci-do co-mo \OT1/ptm/m/it
/10 par-tial fan-beam \OT1/ptm/m/n/10 o \OT1/ptm/m/it/10 tras-la-tio-nal/rotati
onal mul-ti-ple de-tec-tor\OT1/ptm/m/n/10 .
 []


Overfull \hbox (3.26665pt too wide) in paragraph at lines 65--66
\OT1/ptm/m/n/10 600-5000 de-tec-to-res fi-jos or-ga-ni-za-dos en for-ma de ar-c
o don-de se ob-tie-nen las di-fe-ren-tes pro-yec-cio-nes
 []


Underfull \vbox (badness 10000) has occurred while \output is active []

LaTeX Info: Redefining \. on input line 67.
LaTeX Info: Redefining \% on input line 67.

Underfull \hbox (badness 10000) has occurred while \output is active
[]
 []

[81 <./Figuras/fig10-01.png>]
Overfull \hbox (16.05711pt too wide) in paragraph at lines 71--72
[]\OT1/ptm/m/n/10 Incorporando lue-go ha-ces c[]oni-cos, per-mi-ten la ob-ten-c
i[]on de va-rios cor-tes en un mis-mo pro-ce-di-mien-to
 []

<Figuras/cap10-1.png, id=346, 905.3825pt x 490.83376pt>
File: Figuras/cap10-1.png Graphic file (type png)

<use Figuras/cap10-1.png>
Package pdftex.def Info: Figuras/cap10-1.png used on input line 86.
(pdftex.def)             Requested size: 297.0pt x 161.00949pt.
LaTeX Info: Redefining \. on input line 122.
LaTeX Info: Redefining \% on input line 122.

Underfull \hbox (badness 10000) has occurred while \output is active
[]
 []

[82] <Figuras/cap10-2.png, id=351, 904.37875pt x 438.63875pt>
File: Figuras/cap10-2.png Graphic file (type png)

<use Figuras/cap10-2.png>
Package pdftex.def Info: Figuras/cap10-2.png used on input line 130.
(pdftex.def)             Requested size: 297.0pt x 144.04845pt.

Underfull \vbox (badness 2229) has occurred while \output is active []

LaTeX Info: Redefining \. on input line 147.
LaTeX Info: Redefining \% on input line 147.

Underfull \hbox (badness 10000) has occurred while \output is active
[]
 []

[83 <./Figuras/cap10-1.png>]

LaTeX Warning: Citation `fundamentals2009' in file `main' on page 84 undefined 
on input line 157.

File: Figuras/cap10-2.png Graphic file (type png)
<use Figuras/cap10-2.png>
Package pdftex.def Info: Figuras/cap10-2.png used on input line 177.
(pdftex.def)             Requested size: 297.0pt x 144.04845pt.
LaTeX Info: Redefining \. on input line 199.
LaTeX Info: Redefining \% on input line 199.

Underfull \hbox (badness 10000) has occurred while \output is active
[]
 []

[84 <./Figuras/cap10-2.png>]
LaTeX Info: Redefining \. on input line 247.
LaTeX Info: Redefining \% on input line 247.

Underfull \hbox (badness 10000) has occurred while \output is active
[]
 []

[85]
Overfull \hbox (23.14603pt too wide) in paragraph at lines 260--269
[]\OT1/ptm/m/n/10 A me-di-da que el n[]ume-ro de co-lum-nas de de-tec-to-res cr
e-ce, apa-re-cen m[]as ar-te-fac-tos en la re-cons-truc-ci[]on,
 []


Overfull \hbox (15.30916pt too wide) in paragraph at lines 289--295
\OT1/ptm/m/n/10 su-fi-cien-te in-for-ma-ci[]on de las me-di-cio-nes. Por es-to 
se uti-li-za un al-go-rit-mo de re-cons-truc-ci[]on apro-xi-ma-do.
 []


Overfull \hbox (7.5064pt too wide) in paragraph at lines 302--304
[]\OT1/ptm/m/n/10 Como el al-go-rit-mo so-lo ofre-ce apro-xi-ma-cio-nes, los ar
-te-fac-tos de-bi-dos al haz c[]oni-co son inevi-ta-bles. 
 []

LaTeX Info: Redefining \. on input line 324.
LaTeX Info: Redefining \% on input line 324.

Underfull \hbox (badness 10000) has occurred while \output is active
[]
 []

[86]) (./main.bbl)
LaTeX Info: Redefining \. on input line 25.
LaTeX Info: Redefining \% on input line 25.

Underfull \hbox (badness 10000) has occurred while \output is active
[]
 []

[87] (./main.aux
LaTeX Info: Redefining \. on input line 6.
LaTeX Info: Redefining \% on input line 6.
)

LaTeX Warning: There were undefined references.


LaTeX Warning: There were multiply-defined labels.

 ) 
Here is how much of TeX's memory you used:
 4193 strings out of 492995
 53161 string characters out of 6132705
 145471 words of memory out of 5000000
 7553 multiletter control sequences out of 15000+600000
 80628 words of font info for 153 fonts, out of 8000000 for 9000
 1141 hyphenation exceptions out of 8191
 44i,19n,30p,1014b,683s stack positions out of 5000i,500n,10000p,200000b,80000s
{/usr/local/texlive/2017/texmf-dist/fonts/enc/dvips/base/8r.enc}</usr/local/t
exlive/2017/texmf-dist/fonts/type1/public/amsfonts/cm/cmbx10.pfb></usr/local/te
xlive/2017/texmf-dist/fonts/type1/public/amsfonts/cm/cmbx6.pfb></usr/local/texl
ive/2017/texmf-dist/fonts/type1/public/amsfonts/cm/cmbx7.pfb></usr/local/texliv
e/2017/texmf-dist/fonts/type1/public/amsfonts/cm/cmbx8.pfb></usr/local/texlive/
2017/texmf-dist/fonts/type1/public/amsfonts/cm/cmex10.pfb></usr/local/texlive/2
017/texmf-dist/fonts/type1/public/amsfonts/cmextra/cmex7.pfb></usr/local/texliv
e/2017/texmf-dist/fonts/type1/public/amsfonts/cmextra/cmex8.pfb></usr/local/tex
live/2017/texmf-dist/fonts/type1/public/amsfonts/cmextra/cmex9.pfb></usr/local/
texlive/2017/texmf-dist/fonts/type1/public/amsfonts/cm/cmmi10.pfb></usr/local/t
exlive/2017/texmf-dist/fonts/type1/public/amsfonts/cm/cmmi5.pfb></usr/local/tex
live/2017/texmf-dist/fonts/type1/public/amsfonts/cm/cmmi6.pfb></usr/local/texli
ve/2017/texmf-dist/fonts/type1/public/amsfonts/cm/cmmi7.pfb></usr/local/texlive
/2017/texmf-dist/fonts/type1/public/amsfonts/cm/cmmi8.pfb></usr/local/texlive/2
017/texmf-dist/fonts/type1/public/amsfonts/cm/cmmi9.pfb></usr/local/texlive/201
7/texmf-dist/fonts/type1/public/amsfonts/cm/cmmib10.pfb></usr/local/texlive/201
7/texmf-dist/fonts/type1/public/amsfonts/cm/cmr10.pfb></usr/local/texlive/2017/
texmf-dist/fonts/type1/public/amsfonts/cm/cmr5.pfb></usr/local/texlive/2017/tex
mf-dist/fonts/type1/public/amsfonts/cm/cmr6.pfb></usr/local/texlive/2017/texmf-
dist/fonts/type1/public/amsfonts/cm/cmr7.pfb></usr/local/texlive/2017/texmf-dis
t/fonts/type1/public/amsfonts/cm/cmr8.pfb></usr/local/texlive/2017/texmf-dist/f
onts/type1/public/amsfonts/cm/cmr9.pfb></usr/local/texlive/2017/texmf-dist/font
s/type1/public/amsfonts/cm/cmsy10.pfb></usr/local/texlive/2017/texmf-dist/fonts
/type1/public/amsfonts/cm/cmsy5.pfb></usr/local/texlive/2017/texmf-dist/fonts/t
ype1/public/amsfonts/cm/cmsy6.pfb></usr/local/texlive/2017/texmf-dist/fonts/typ
e1/public/amsfonts/cm/cmsy7.pfb></usr/local/texlive/2017/texmf-dist/fonts/type1
/public/amsfonts/cm/cmsy8.pfb></usr/local/texlive/2017/texmf-dist/fonts/type1/p
ublic/amsfonts/cm/cmsy9.pfb></usr/local/texlive/2017/texmf-dist/fonts/type1/urw
/helvetic/uhvb8a.pfb></usr/local/texlive/2017/texmf-dist/fonts/type1/urw/helvet
ic/uhvbo8a.pfb></usr/local/texlive/2017/texmf-dist/fonts/type1/urw/helvetic/uhv
r8a.pfb></usr/local/texlive/2017/texmf-dist/fonts/type1/urw/helvetic/uhvro8a.pf
b></usr/local/texlive/2017/texmf-dist/fonts/type1/urw/times/utmb8a.pfb></usr/lo
cal/texlive/2017/texmf-dist/fonts/type1/urw/times/utmbi8a.pfb></usr/local/texli
ve/2017/texmf-dist/fonts/type1/urw/times/utmr8a.pfb></usr/local/texlive/2017/te
xmf-dist/fonts/type1/urw/times/utmr8a.pfb></usr/local/texlive/2017/texmf-dist/f
onts/type1/urw/times/utmri8a.pfb>
Output written on main.pdf (96 pages, 1926912 bytes).
PDF statistics:
 486 PDF objects out of 1000 (max. 8388607)
 323 compressed objects within 4 object streams
 0 named destinations out of 1000 (max. 500000)
 106 words of extra memory for PDF output out of 10000 (max. 10000000)

